#
# There is insufficient memory for the Java Runtime Environment to continue.
# Native memory allocation (malloc) failed to allocate 32744 bytes for ChunkPool::allocate
# Possible reasons:
#   The system is out of physical RAM or swap space
#   In 32 bit mode, the process size limit was hit
# Possible solutions:
#   Reduce memory load on the system
#   Increase physical memory or swap space
#   Check if swap backing store is full
#   Use 64 bit Java on a 64 bit OS
#   Decrease Java heap size (-Xmx/-Xms)
#   Decrease number of Java threads
#   Decrease Java thread stack sizes (-Xss)
#   Set larger code cache with -XX:ReservedCodeCacheSize=
# This output file may be truncated or incomplete.
#
#  Out of Memory Error (allocation.cpp:273), pid=72588, tid=0x0000000000017b9c
#
# JRE version: OpenJDK Runtime Environment (8.0_152-b01) (build 1.8.0_152-release-915-b01)
# Java VM: OpenJDK 64-Bit Server VM (25.152-b01 mixed mode windows-amd64 compressed oops)
# Failed to write core dump. Minidumps are not enabled by default on client versions of Windows
#

---------------  T H R E A D  ---------------

Current thread (0x00000000177e6000):  JavaThread "C2 CompilerThread1" daemon [_thread_in_native, id=97180, stack(0x00000000180b0000,0x00000000181b0000)]

Stack: [0x00000000180b0000,0x00000000181b0000]
[error occurred during error reporting (printing stack bounds), id 0xc0000005]

Native frames: (J=compiled Java code, j=interpreted, Vv=VM code, C=native code)


Current CompileTask:
C2:   2141  861 %     4       org.objectweb.asm.ClassReader::a @ 1360 (3587 bytes)


---------------  P R O C E S S  ---------------

Java Threads: ( => current thread )
  0x0000000017845800 JavaThread "Service Thread" daemon [_thread_blocked, id=95812, stack(0x00000000183b0000,0x00000000184b0000)]
  0x000000001783e000 JavaThread "C1 CompilerThread3" daemon [_thread_blocked, id=80096, stack(0x00000000182b0000,0x00000000183b0000)]
  0x000000001783a800 JavaThread "C2 CompilerThread2" daemon [_thread_blocked, id=92524, stack(0x00000000181b0000,0x00000000182b0000)]
=>0x00000000177e6000 JavaThread "C2 CompilerThread1" daemon [_thread_in_native, id=97180, stack(0x00000000180b0000,0x00000000181b0000)]
  0x00000000177e3000 JavaThread "C2 CompilerThread0" daemon [_thread_blocked, id=98268, stack(0x0000000017fb0000,0x00000000180b0000)]
  0x00000000177e1000 JavaThread "Attach Listener" daemon [_thread_blocked, id=93388, stack(0x0000000017eb0000,0x0000000017fb0000)]
  0x00000000177df800 JavaThread "Signal Dispatcher" daemon [_thread_blocked, id=78524, stack(0x0000000017db0000,0x0000000017eb0000)]
  0x00000000158e1800 JavaThread "Finalizer" daemon [_thread_blocked, id=93452, stack(0x0000000017bb0000,0x0000000017cb0000)]
  0x00000000050d9000 JavaThread "Reference Handler" daemon [_thread_blocked, id=95536, stack(0x00000000176b0000,0x00000000177b0000)]
  0x0000000004fe4000 JavaThread "main" [_thread_in_native, id=81248, stack(0x0000000004ee0000,0x0000000004fe0000)]

Other Threads:
  0x00000000158d7000 VMThread [stack: 0x00000000175b0000,0x00000000176b0000] [id=67236]
  0x0000000017846000 WatcherThread [stack: 0x00000000184b0000,0x00000000185b0000] [id=91112]

VM state:not at safepoint (normal execution)

VM Mutex/Monitor currently owned by a thread: None

Heap:
 PSYoungGen      total 18944K, used 18286K [0x00000000feb00000, 0x0000000100000000, 0x0000000100000000)
  eden space 16384K, 96% used [0x00000000feb00000,0x00000000ffa5f920,0x00000000ffb00000)
  from space 2560K, 99% used [0x00000000ffb00000,0x00000000ffd7c020,0x00000000ffd80000)
  to   space 2560K, 0% used [0x00000000ffd80000,0x00000000ffd80000,0x0000000100000000)
 ParOldGen       total 44032K, used 1679K [0x00000000fc000000, 0x00000000feb00000, 0x00000000feb00000)
  object space 44032K, 3% used [0x00000000fc000000,0x00000000fc1a3dc0,0x00000000feb00000)
 Metaspace       used 7460K, capacity 7648K, committed 7936K, reserved 1056768K
  class space    used 869K, capacity 956K, committed 1024K, reserved 1048576K

Card table byte_map: [0x00000000144a0000,0x00000000144d0000] byte_map_base: 0x0000000013cc0000

Marking Bits: (ParMarkBitMap*) 0x0000000064ed3950
 Begin Bits: [0x0000000014cd0000, 0x0000000014dd0000)
 End Bits:   [0x0000000014dd0000, 0x0000000014ed0000)

Polling page: 0x00000000031e0000

CodeCache: size=245760Kb used=3398Kb max_used=3398Kb free=242361Kb
 bounds [0x00000000050e0000, 0x0000000005440000, 0x00000000140e0000]
 total_blobs=1204 nmethods=873 adapters=245
 compilation: enabled

Compilation events (10 events):
Event: 2.107 Thread 0x000000001783e000  873       3       org.objectweb.asm.tree.JumpInsnNode::<init> (11 bytes)
Event: 2.108 Thread 0x000000001783e000 nmethod 873 0x000000000542cc90 code [0x000000000542ce00, 0x000000000542d030]
Event: 2.108 Thread 0x000000001783e000  867       3       com.google.devtools.build.android.desugar.InterfaceDesugaring::visitMethod (301 bytes)
Event: 2.110 Thread 0x000000001783e000 nmethod 867 0x000000000542d110 code [0x000000000542d4e0, 0x000000000542f7e8]
Event: 2.110 Thread 0x000000001783e000  868       3       com.google.devtools.build.android.desugar.DefaultMethodClassFixer::visitMethod (75 bytes)
Event: 2.111 Thread 0x000000001783e000 nmethod 868 0x0000000005430910 code [0x0000000005430b20, 0x0000000005431598]
Event: 2.111 Thread 0x000000001783e000  869       3       com.google.devtools.build.android.desugar.Java7Compatibility::visitMethod (134 bytes)
Event: 2.113 Thread 0x000000001783e000 nmethod 869 0x0000000005431ad0 code [0x0000000005431d20, 0x0000000005432d88]
Event: 2.113 Thread 0x000000001783e000  870       3       org.objectweb.asm.ClassWriter::visitMethod (20 bytes)
Event: 2.113 Thread 0x000000001783e000 nmethod 870 0x00000000054333d0 code [0x0000000005433540, 0x0000000005433768]

GC Heap History (2 events):
Event: 1.188 GC heap before
{Heap before GC invocations=1 (full 0):
 PSYoungGen      total 18944K, used 16384K [0x00000000feb00000, 0x0000000100000000, 0x0000000100000000)
  eden space 16384K, 100% used [0x00000000feb00000,0x00000000ffb00000,0x00000000ffb00000)
  from space 2560K, 0% used [0x00000000ffd80000,0x00000000ffd80000,0x0000000100000000)
  to   space 2560K, 0% used [0x00000000ffb00000,0x00000000ffb00000,0x00000000ffd80000)
 ParOldGen       total 44032K, used 0K [0x00000000fc000000, 0x00000000feb00000, 0x00000000feb00000)
  object space 44032K, 0% used [0x00000000fc000000,0x00000000fc000000,0x00000000feb00000)
 Metaspace       used 6495K, capacity 6674K, committed 6784K, reserved 1056768K
  class space    used 768K, capacity 823K, committed 896K, reserved 1048576K
Event: 1.220 GC heap after
Heap after GC invocations=1 (full 0):
 PSYoungGen      total 18944K, used 2544K [0x00000000feb00000, 0x0000000100000000, 0x0000000100000000)
  eden space 16384K, 0% used [0x00000000feb00000,0x00000000feb00000,0x00000000ffb00000)
  from space 2560K, 99% used [0x00000000ffb00000,0x00000000ffd7c020,0x00000000ffd80000)
  to   space 2560K, 0% used [0x00000000ffd80000,0x00000000ffd80000,0x0000000100000000)
 ParOldGen       total 44032K, used 1679K [0x00000000fc000000, 0x00000000feb00000, 0x00000000feb00000)
  object space 44032K, 3% used [0x00000000fc000000,0x00000000fc1a3dc0,0x00000000feb00000)
 Metaspace       used 6495K, capacity 6674K, committed 6784K, reserved 1056768K
  class space    used 768K, capacity 823K, committed 896K, reserved 1048576K
}

Deoptimization events (10 events):
Event: 1.143 Thread 0x0000000004fe4000 Uncommon trap: reason=unstable_if action=reinterpret pc=0x00000000052f3b58 method=java.util.zip.ZipEntry.setExtra0([BZ)V @ 1
Event: 1.146 Thread 0x0000000004fe4000 Uncommon trap: reason=unstable_if action=reinterpret pc=0x00000000052f6988 method=java.util.zip.ZipCoder.decoder()Ljava/nio/charset/CharsetDecoder; @ 4
Event: 1.147 Thread 0x0000000004fe4000 Uncommon trap: reason=unstable_if action=reinterpret pc=0x00000000052ff49c method=java.util.zip.ZipCoder.decoder()Ljava/nio/charset/CharsetDecoder; @ 4
Event: 1.253 Thread 0x0000000004fe4000 Uncommon trap: reason=unstable_if action=reinterpret pc=0x00000000052fd35c method=java.util.zip.ZipCoder.decoder()Ljava/nio/charset/CharsetDecoder; @ 4
Event: 1.255 Thread 0x0000000004fe4000 Uncommon trap: reason=unstable_if action=reinterpret pc=0x00000000052f48ac method=java.util.zip.ZipCoder.decoder()Ljava/nio/charset/CharsetDecoder; @ 4
Event: 1.256 Thread 0x0000000004fe4000 Uncommon trap: reason=unstable_if action=reinterpret pc=0x00000000052f17fc method=java.util.zip.ZipCoder.decoder()Ljava/nio/charset/CharsetDecoder; @ 4
Event: 1.378 Thread 0x0000000004fe4000 Uncommon trap: reason=unloaded action=reinterpret pc=0x0000000005307cfc method=java.util.zip.ZipEntry.setExtra0([BZ)V @ 37
Event: 1.690 Thread 0x0000000004fe4000 Uncommon trap: reason=unstable_if action=reinterpret pc=0x00000000052c36b8 method=java.lang.String.<init>([CII)V @ 18
Event: 1.729 Thread 0x0000000004fe4000 Uncommon trap: reason=unstable_if action=reinterpret pc=0x0000000005375bd8 method=java.lang.String.<init>([CII)V @ 18
Event: 2.008 Thread 0x0000000004fe4000 Uncommon trap: reason=unstable_if action=reinterpret pc=0x00000000053fcba8 method=java.io.BufferedOutputStream.write(I)V @ 9

Classes redefined (0 events):
No events

Internal exceptions (10 events):
Event: 1.325 Thread 0x0000000004fe4000 Exception <a 'sun/nio/fs/WindowsException'> (0x00000000ff113fc0) thrown at [D:\src\AOSP-openjdk-cygwin\jdk8u\hotspot\src\share\vm\prims\jni.cpp, line 709]
Event: 1.351 Thread 0x0000000004fe4000 Exception <a 'sun/nio/fs/WindowsException'> (0x00000000ff1192b0) thrown at [D:\src\AOSP-openjdk-cygwin\jdk8u\hotspot\src\share\vm\prims\jni.cpp, line 709]
Event: 1.439 Thread 0x0000000004fe4000 Exception <a 'sun/nio/fs/WindowsException'> (0x00000000ff4c3328) thrown at [D:\src\AOSP-openjdk-cygwin\jdk8u\hotspot\src\share\vm\prims\jni.cpp, line 709]
Event: 1.439 Thread 0x0000000004fe4000 Exception <a 'sun/nio/fs/WindowsException'> (0x00000000ff4c38b0) thrown at [D:\src\AOSP-openjdk-cygwin\jdk8u\hotspot\src\share\vm\prims\jni.cpp, line 709]
Event: 1.981 Thread 0x0000000004fe4000 Exception <a 'sun/nio/fs/WindowsException'> (0x00000000ff92a8b8) thrown at [D:\src\AOSP-openjdk-cygwin\jdk8u\hotspot\src\share\vm\prims\jni.cpp, line 709]
Event: 1.982 Thread 0x0000000004fe4000 Exception <a 'sun/nio/fs/WindowsException'> (0x00000000ff92adc0) thrown at [D:\src\AOSP-openjdk-cygwin\jdk8u\hotspot\src\share\vm\prims\jni.cpp, line 709]
Event: 2.026 Thread 0x0000000004fe4000 Exception <a 'sun/nio/fs/WindowsException'> (0x00000000ff9c7950) thrown at [D:\src\AOSP-openjdk-cygwin\jdk8u\hotspot\src\share\vm\prims\jni.cpp, line 709]
Event: 2.026 Thread 0x0000000004fe4000 Exception <a 'sun/nio/fs/WindowsException'> (0x00000000ff9c7e58) thrown at [D:\src\AOSP-openjdk-cygwin\jdk8u\hotspot\src\share\vm\prims\jni.cpp, line 709]
Event: 2.105 Thread 0x0000000004fe4000 Exception <a 'sun/nio/fs/WindowsException'> (0x00000000ffa47d38) thrown at [D:\src\AOSP-openjdk-cygwin\jdk8u\hotspot\src\share\vm\prims\jni.cpp, line 709]
Event: 2.105 Thread 0x0000000004fe4000 Exception <a 'sun/nio/fs/WindowsException'> (0x00000000ffa48240) thrown at [D:\src\AOSP-openjdk-cygwin\jdk8u\hotspot\src\share\vm\prims\jni.cpp, line 709]

Events (10 events):
Event: 1.729 Thread 0x0000000004fe4000 Uncommon trap: trap_request=0xffffff65 fr.pc=0x0000000005375bd8
Event: 1.729 Thread 0x0000000004fe4000 DEOPT PACKING pc=0x0000000005375bd8 sp=0x0000000004fdf0b0
Event: 1.729 Thread 0x0000000004fe4000 DEOPT UNPACKING pc=0x000000000512556a sp=0x0000000004fdefd0 mode 2
Event: 1.790 loading class org/objectweb/asm/Opcodes
Event: 1.790 loading class org/objectweb/asm/Opcodes done
Event: 1.968 loading class java/util/Vector$Itr
Event: 1.968 loading class java/util/Vector$Itr done
Event: 2.008 Thread 0x0000000004fe4000 Uncommon trap: trap_request=0xffffff65 fr.pc=0x00000000053fcba8
Event: 2.008 Thread 0x0000000004fe4000 DEOPT PACKING pc=0x00000000053fcba8 sp=0x0000000004fdf280
Event: 2.008 Thread 0x0000000004fe4000 DEOPT UNPACKING pc=0x000000000512556a sp=0x0000000004fdf230 mode 2


Dynamic libraries:
0x00007ff732730000 - 0x00007ff732761000 	F:\Android Studio\jre\bin\java.exe
0x00007fff90100000 - 0x00007fff902e0000 	C:\WINDOWS\SYSTEM32\ntdll.dll
0x00007fff8f8f0000 - 0x00007fff8f99e000 	C:\WINDOWS\System32\KERNEL32.DLL
0x00007fff8cd00000 - 0x00007fff8cf66000 	C:\WINDOWS\System32\KERNELBASE.dll
0x00007fff8d820000 - 0x00007fff8d8c1000 	C:\WINDOWS\System32\ADVAPI32.dll
0x00007fff8dd30000 - 0x00007fff8ddcd000 	C:\WINDOWS\System32\msvcrt.dll
0x00007fff8d650000 - 0x00007fff8d6ab000 	C:\WINDOWS\System32\sechost.dll
0x00007fff8fe90000 - 0x00007fff8ffaf000 	C:\WINDOWS\System32\RPCRT4.dll
0x00007fff8df40000 - 0x00007fff8e0cf000 	C:\WINDOWS\System32\USER32.dll
0x00007fff8d480000 - 0x00007fff8d4a0000 	C:\WINDOWS\System32\win32u.dll
0x00007fff8fe00000 - 0x00007fff8fe28000 	C:\WINDOWS\System32\GDI32.dll
0x00007fff8cf70000 - 0x00007fff8d103000 	C:\WINDOWS\System32\gdi32full.dll
0x00007fff8d110000 - 0x00007fff8d1ab000 	C:\WINDOWS\System32\msvcp_win.dll
0x00007fff8d380000 - 0x00007fff8d476000 	C:\WINDOWS\System32\ucrtbase.dll
0x00007fff82940000 - 0x00007fff82ba9000 	C:\WINDOWS\WinSxS\amd64_microsoft.windows.common-controls_6595b64144ccf1df_6.0.16299.492_none_15c8d3609364b9b0\COMCTL32.dll
0x00007fff8d950000 - 0x00007fff8dc57000 	C:\WINDOWS\System32\combase.dll
0x00007fff8d4a0000 - 0x00007fff8d512000 	C:\WINDOWS\System32\bcryptPrimitives.dll
0x00007fff8f8c0000 - 0x00007fff8f8ed000 	C:\WINDOWS\System32\IMM32.DLL
0x0000000064630000 - 0x0000000064702000 	F:\Android Studio\jre\jre\bin\msvcr100.dll
0x0000000064710000 - 0x0000000064f4e000 	F:\Android Studio\jre\jre\bin\server\jvm.dll
0x00007fff8d640000 - 0x00007fff8d648000 	C:\WINDOWS\System32\PSAPI.DLL
0x00007fff88c40000 - 0x00007fff88c63000 	C:\WINDOWS\SYSTEM32\WINMM.dll
0x00007fff7df40000 - 0x00007fff7df49000 	C:\WINDOWS\SYSTEM32\WSOCK32.dll
0x00007fff8d5d0000 - 0x00007fff8d63c000 	C:\WINDOWS\System32\WS2_32.dll
0x00007fff874d0000 - 0x00007fff874da000 	C:\WINDOWS\SYSTEM32\VERSION.dll
0x00007fff88be0000 - 0x00007fff88c0a000 	C:\WINDOWS\SYSTEM32\WINMMBASE.dll
0x00007fff8ccb0000 - 0x00007fff8ccfa000 	C:\WINDOWS\System32\cfgmgr32.dll
0x00007fff8a800000 - 0x00007fff8a80f000 	F:\Android Studio\jre\jre\bin\verify.dll
0x00007fff81de0000 - 0x00007fff81e09000 	F:\Android Studio\jre\jre\bin\java.dll
0x00007fff81fc0000 - 0x00007fff81fd6000 	F:\Android Studio\jre\jre\bin\zip.dll
0x00007fff8e240000 - 0x00007fff8f678000 	C:\WINDOWS\System32\SHELL32.dll
0x00007fff8ddd0000 - 0x00007fff8de76000 	C:\WINDOWS\System32\shcore.dll
0x00007fff8c500000 - 0x00007fff8cc47000 	C:\WINDOWS\System32\windows.storage.dll
0x00007fff8de80000 - 0x00007fff8ded1000 	C:\WINDOWS\System32\shlwapi.dll
0x00007fff8c4e0000 - 0x00007fff8c4f1000 	C:\WINDOWS\System32\kernel.appcore.dll
0x00007fff8c490000 - 0x00007fff8c4dc000 	C:\WINDOWS\System32\powrprof.dll
0x00007fff8c450000 - 0x00007fff8c46b000 	C:\WINDOWS\System32\profapi.dll
0x00007fff8beb0000 - 0x00007fff8bec7000 	C:\WINDOWS\SYSTEM32\CRYPTSP.dll
0x00007fff8b8e0000 - 0x00007fff8b913000 	C:\WINDOWS\system32\rsaenh.dll
0x00007fff8bfb0000 - 0x00007fff8bfd5000 	C:\WINDOWS\SYSTEM32\bcrypt.dll
0x00007fff8c380000 - 0x00007fff8c3a9000 	C:\WINDOWS\SYSTEM32\USERENV.dll
0x00007fff8bea0000 - 0x00007fff8beab000 	C:\WINDOWS\SYSTEM32\CRYPTBASE.dll
0x00007fff81ee0000 - 0x00007fff81efa000 	F:\Android Studio\jre\jre\bin\net.dll
0x00007fff8bce0000 - 0x00007fff8bd46000 	C:\WINDOWS\system32\mswsock.dll
0x00007fff8ba70000 - 0x00007fff8baa9000 	C:\WINDOWS\SYSTEM32\IPHLPAPI.DLL
0x00007fff8fdf0000 - 0x00007fff8fdf8000 	C:\WINDOWS\System32\NSI.dll
0x00007fff87c60000 - 0x00007fff87c76000 	C:\WINDOWS\SYSTEM32\dhcpcsvc6.DLL
0x00007fff87c40000 - 0x00007fff87c5a000 	C:\WINDOWS\SYSTEM32\dhcpcsvc.DLL
0x00007fff81dc0000 - 0x00007fff81dd1000 	F:\Android Studio\jre\jre\bin\nio.dll

VM Arguments:
jvm_args: -Djava.awt.headless=true -Xmx64M -Dfile.encoding=windows-1251 -Duser.country=RU -Duser.language=ru -Duser.variant 
java_command: com.google.devtools.build.android.desugar.Desugar --input D:\MyDocuments\garbage\Adorable\app\build\intermediates\transforms\stackFramesFixer\debug\4.jar --output D:\MyDocuments\garbage\Adorable\app\build\intermediates\transforms\desugar\debug\5.jar --input D:\MyDocuments\garbage\Adorable\app\build\intermediates\transforms\stackFramesFixer\debug\22.jar --output D:\MyDocuments\garbage\Adorable\app\build\intermediates\transforms\desugar\debug\23.jar --input D:\MyDocuments\garbage\Adorable\app\build\intermediates\transforms\stackFramesFixer\debug\1.jar --output D:\MyDocuments\garbage\Adorable\app\build\intermediates\transforms\desugar\debug\2.jar --input D:\MyDocuments\garbage\Adorable\app\build\intermediates\transforms\stackFramesFixer\debug\29.jar --output D:\MyDocuments\garbage\Adorable\app\build\intermediates\transforms\desugar\debug\30.jar --input D:\MyDocuments\garbage\Adorable\app\build\intermediates\transforms\stackFramesFixer\debug\15.jar --output D:\MyDocuments\garbage\Adorable\app\build\intermediates\transforms\desugar\debug\16.jar --classpath_entry D:\MyDocuments\garbage\Adorable\app\build\intermediates\classes\debug --classpath_entry D:\MyDocuments\garbage\Adorable\app\build\intermediates\transforms\stackFramesFixer\debug\0.jar --classpath_entry D:\MyDocuments\garbage\Adorable\app\build\intermediates\transforms\stackFramesFixer\debug\1.jar --classpath_entry D:\MyDocuments\garbage\Adorable\app\build\intermediates\transforms\stackFramesFixer\debug\2.jar --classpath_entry D:\MyDocuments\garbage\Adorable\app\build\intermediates\transforms\stackFramesFixer\debug\3.jar --classpath_entry D:\MyDocuments\garbage\Adorable\app\build\intermediates\transforms\stackFramesFixer\debug\4.jar --classpath_entry D:\MyDocuments\garbage\Adorable\app\build\intermediates\transforms\stackFramesFixer\debug\5.jar --classpath_entry D:\MyDocuments\garbage\Adorable\app\build\intermediates\transforms\stackFramesFixer\debug\6.jar --classpath_entry D:\MyDocuments\garbage\A
java_class_path (initial): C:\Users\S\AppData\Local\Temp\desugar_deploy.jar5327273812747573958
Launcher Type: SUN_STANDARD

Environment Variables:
JAVA_HOME=c:\Java\jdk1.8.0_102\
PATH=C:\Program Files\ImageMagick-7.0.8-Q16;C:\nodejs\;C:\Program Files (x86)\PC Connectivity Solution\;C:\ProgramData\Oracle\Java\javapath;C:\Program Files (x86)\Intel\iCLS Client\;C:\Program Files\Intel\iCLS Client\;C:\Windows\system32;C:\Windows;C:\Windows\System32\Wbem;C:\Windows\System32\WindowsPowerShell\v1.0\;C:\Program Files (x86)\Windows Live\Shared;C:\Program Files\Intel\Intel(R) Management Engine Components\DAL;C:\Program Files\Intel\Intel(R) Management Engine Components\IPT;C:\Program Files (x86)\Intel\Intel(R) Management Engine Components\DAL;C:\Program Files (x86)\Intel\Intel(R) Management Engine Components\IPT;C:\Program Files (x86)\QuickTime\QTSystem\;C:\Program Files\OpenVPN\bin;d:\MyDocuments\garbage\asdk\ndk\;d:\MyDocuments\garbage\asdk\tools\;d:\MyDocuments\garbage\asdk\apache-ant-1.9.6\bin\;C:\WINDOWS\system32;C:\WINDOWS;C:\WINDOWS\System32\Wbem;C:\WINDOWS\System32\WindowsPowerShell\v1.0\;C:\Users\S\Deployd\bin;C:\Program Files (x86)\Windows Kits\8.1\Windows Performance Toolkit\;c:\openssl-0.9.8k_X64\bin\;C:\Program Files (x86)\Skype\Phone\;C:\Program Files (x86)\NVIDIA Corporation\PhysX\Common;C:\WINDOWS\system32;C:\WINDOWS;C:\WINDOWS\System32\Wbem;C:\WINDOWS\System32\WindowsPowerShell\v1.0\;C:\Program Files\TortoiseSVN\bin;C:\Program Files\dotnet\;C:\Program Files\Microsoft SQL Server\130\Tools\Binn\;C:\nodejs\;C:\Users\S\AppData\Local\Microsoft\WindowsApps;C:\Users\S\AppData\Roaming\npm;C:\Program Files (x86)\Microsoft VS Code\bin;d:\MyDocuments\garbage\ffmpeg-20180619-830695b-win64-static\bin\;
USERNAME=S
OS=Windows_NT
PROCESSOR_IDENTIFIER=Intel64 Family 6 Model 60 Stepping 3, GenuineIntel



---------------  S Y S T E M  ---------------

OS: Windows 10.0 , 64 bit Build 16299 (10.0.16299.431)

CPU:total 8 (initial active 8) (4 cores per cpu, 2 threads per core) family 6 model 60 stepping 3, cmov, cx8, fxsr, mmx, sse, sse2, sse3, ssse3, sse4.1, sse4.2, popcnt, avx, avx2, aes, clmul, erms, lzcnt, ht, tsc, tscinvbit, bmi1, bmi2

Memory: 4k page, physical 8305848k(585672k free), swap 16694456k(1368k free)

vm_info: OpenJDK 64-Bit Server VM (25.152-b01) for windows-amd64 JRE (1.8.0_152-release-915-b01), built by "builder" with MS VC++ 10.0 (VS2010)

time: Thu Jun 21 00:45:28 2018
elapsed time: 2 seconds (0d 0h 0m 2s)

