#
# There is insufficient memory for the Java Runtime Environment to continue.
# Native memory allocation (malloc) failed to allocate 32744 bytes for ChunkPool::allocate
# Possible reasons:
#   The system is out of physical RAM or swap space
#   In 32 bit mode, the process size limit was hit
# Possible solutions:
#   Reduce memory load on the system
#   Increase physical memory or swap space
#   Check if swap backing store is full
#   Use 64 bit Java on a 64 bit OS
#   Decrease Java heap size (-Xmx/-Xms)
#   Decrease number of Java threads
#   Decrease Java thread stack sizes (-Xss)
#   Set larger code cache with -XX:ReservedCodeCacheSize=
# This output file may be truncated or incomplete.
#
#  Out of Memory Error (allocation.cpp:273), pid=97236, tid=0x0000000000016abc
#
# JRE version: OpenJDK Runtime Environment (8.0_152-b01) (build 1.8.0_152-release-915-b01)
# Java VM: OpenJDK 64-Bit Server VM (25.152-b01 mixed mode windows-amd64 compressed oops)
# Failed to write core dump. Minidumps are not enabled by default on client versions of Windows
#

---------------  T H R E A D  ---------------

Current thread (0x0000000017ab7000):  JavaThread "C2 CompilerThread2" daemon [_thread_in_vm, id=92860, stack(0x0000000018430000,0x0000000018530000)]

Stack: [0x0000000018430000,0x0000000018530000]
[error occurred during error reporting (printing stack bounds), id 0xc0000005]

Native frames: (J=compiled Java code, j=interpreted, Vv=VM code, C=native code)


Current CompileTask:
C2:   2340  790       4       org.objectweb.asm.ClassWriter::a (49 bytes)


---------------  P R O C E S S  ---------------

Java Threads: ( => current thread )
  0x0000000017ac0000 JavaThread "Service Thread" daemon [_thread_blocked, id=72260, stack(0x0000000018630000,0x0000000018730000)]
  0x0000000017aba800 JavaThread "C1 CompilerThread3" daemon [_thread_in_native, id=74300, stack(0x0000000018530000,0x0000000018630000)]
=>0x0000000017ab7000 JavaThread "C2 CompilerThread2" daemon [_thread_in_vm, id=92860, stack(0x0000000018430000,0x0000000018530000)]
  0x0000000017ab3000 JavaThread "C2 CompilerThread1" daemon [_thread_in_vm, id=93324, stack(0x0000000018330000,0x0000000018430000)]
  0x0000000017a63000 JavaThread "C2 CompilerThread0" daemon [_thread_in_native, id=95580, stack(0x0000000018230000,0x0000000018330000)]
  0x0000000017a61000 JavaThread "Attach Listener" daemon [_thread_blocked, id=95732, stack(0x0000000018130000,0x0000000018230000)]
  0x0000000017a5f800 JavaThread "Signal Dispatcher" daemon [_thread_blocked, id=92928, stack(0x0000000018030000,0x0000000018130000)]
  0x0000000015b51800 JavaThread "Finalizer" daemon [_thread_blocked, id=92552, stack(0x0000000017e30000,0x0000000017f30000)]
  0x0000000005399000 JavaThread "Reference Handler" daemon [_thread_blocked, id=96912, stack(0x0000000017930000,0x0000000017a30000)]
  0x00000000052a4000 JavaThread "main" [_thread_in_Java, id=95664, stack(0x00000000051a0000,0x00000000052a0000)]

Other Threads:
  0x0000000015b47000 VMThread [stack: 0x0000000017830000,0x0000000017930000] [id=96916]
  0x0000000017ac1000 WatcherThread [stack: 0x0000000018730000,0x0000000018830000] [id=95712]

VM state:not at safepoint (normal execution)

VM Mutex/Monitor currently owned by a thread: None

Heap:
 PSYoungGen      total 18944K, used 15656K [0x00000000feb00000, 0x0000000100000000, 0x0000000100000000)
  eden space 16384K, 80% used [0x00000000feb00000,0x00000000ff7d2050,0x00000000ffb00000)
  from space 2560K, 98% used [0x00000000ffb00000,0x00000000ffd78010,0x00000000ffd80000)
  to   space 2560K, 0% used [0x00000000ffd80000,0x00000000ffd80000,0x0000000100000000)
 ParOldGen       total 44032K, used 1704K [0x00000000fc000000, 0x00000000feb00000, 0x00000000feb00000)
  object space 44032K, 3% used [0x00000000fc000000,0x00000000fc1aa0a0,0x00000000feb00000)
 Metaspace       used 7400K, capacity 7588K, committed 7680K, reserved 1056768K
  class space    used 868K, capacity 956K, committed 1024K, reserved 1048576K

Card table byte_map: [0x00000000037e0000,0x0000000003810000] byte_map_base: 0x0000000003000000

Marking Bits: (ParMarkBitMap*) 0x0000000064ed3950
 Begin Bits: [0x0000000014f60000, 0x0000000015060000)
 End Bits:   [0x0000000015060000, 0x0000000015160000)

Polling page: 0x0000000003260000

CodeCache: size=245760Kb used=2809Kb max_used=2820Kb free=242950Kb
 bounds [0x00000000053a0000, 0x0000000005670000, 0x00000000143a0000]
 total_blobs=1115 nmethods=784 adapters=245
 compilation: enabled

Compilation events (10 events):
Event: 2.318 Thread 0x0000000017a63000 nmethod 777 0x0000000005660110 code [0x0000000005660240, 0x0000000005660318]
Event: 2.319 Thread 0x0000000017ab3000 nmethod 781 0x000000000565e810 code [0x000000000565e960, 0x000000000565eac8]
Event: 2.322 Thread 0x0000000017ab7000  782       4       org.objectweb.asm.ClassReader::readInt (52 bytes)
Event: 2.324 Thread 0x0000000017ab7000 nmethod 782 0x000000000565e510 code [0x000000000565e640, 0x000000000565e738]
Event: 2.325 Thread 0x0000000017a63000  783       4       org.objectweb.asm.ClassReader::readShort (27 bytes)
Event: 2.326 Thread 0x0000000017a63000 nmethod 783 0x000000000565e210 code [0x000000000565e340, 0x000000000565e418]
Event: 2.327 Thread 0x0000000017ab3000  784       4       org.objectweb.asm.ByteVector::putUTF8 (142 bytes)
Event: 2.328 Thread 0x0000000017ab7000  785       4       org.objectweb.asm.tree.AbstractInsnNode::<init> (15 bytes)
Event: 2.328 Thread 0x0000000017ab7000 nmethod 785 0x000000000565e010 code [0x000000000565e140, 0x000000000565e1b8]
Event: 2.332 Thread 0x0000000017ab7000  790       4       org.objectweb.asm.ClassWriter::a (49 bytes)

GC Heap History (2 events):
Event: 1.197 GC heap before
{Heap before GC invocations=1 (full 0):
 PSYoungGen      total 18944K, used 16384K [0x00000000feb00000, 0x0000000100000000, 0x0000000100000000)
  eden space 16384K, 100% used [0x00000000feb00000,0x00000000ffb00000,0x00000000ffb00000)
  from space 2560K, 0% used [0x00000000ffd80000,0x00000000ffd80000,0x0000000100000000)
  to   space 2560K, 0% used [0x00000000ffb00000,0x00000000ffb00000,0x00000000ffd80000)
 ParOldGen       total 44032K, used 0K [0x00000000fc000000, 0x00000000feb00000, 0x00000000feb00000)
  object space 44032K, 0% used [0x00000000fc000000,0x00000000fc000000,0x00000000feb00000)
 Metaspace       used 6501K, capacity 6678K, committed 6784K, reserved 1056768K
  class space    used 768K, capacity 823K, committed 896K, reserved 1048576K
Event: 1.285 GC heap after
Heap after GC invocations=1 (full 0):
 PSYoungGen      total 18944K, used 2528K [0x00000000feb00000, 0x0000000100000000, 0x0000000100000000)
  eden space 16384K, 0% used [0x00000000feb00000,0x00000000feb00000,0x00000000ffb00000)
  from space 2560K, 98% used [0x00000000ffb00000,0x00000000ffd78010,0x00000000ffd80000)
  to   space 2560K, 0% used [0x00000000ffd80000,0x00000000ffd80000,0x0000000100000000)
 ParOldGen       total 44032K, used 1704K [0x00000000fc000000, 0x00000000feb00000, 0x00000000feb00000)
  object space 44032K, 3% used [0x00000000fc000000,0x00000000fc1aa0a0,0x00000000feb00000)
 Metaspace       used 6501K, capacity 6678K, committed 6784K, reserved 1056768K
  class space    used 768K, capacity 823K, committed 896K, reserved 1048576K
}

Deoptimization events (10 events):
Event: 1.125 Thread 0x00000000052a4000 Uncommon trap: reason=unstable_if action=reinterpret pc=0x00000000055b53ec method=java.util.zip.ZipCoder.decoder()Ljava/nio/charset/CharsetDecoder; @ 4
Event: 1.125 Thread 0x00000000052a4000 Uncommon trap: reason=unstable_if action=reinterpret pc=0x00000000055b14d8 method=java.util.zip.ZipEntry.setExtra0([BZ)V @ 1
Event: 1.127 Thread 0x00000000052a4000 Uncommon trap: reason=unstable_if action=reinterpret pc=0x00000000055b9688 method=java.util.zip.ZipFile$ZipEntryIterator.hasNext()Z @ 25
Event: 1.127 Thread 0x00000000052a4000 Uncommon trap: reason=unstable_if action=reinterpret pc=0x00000000055b9ffc method=java.util.zip.ZipCoder.decoder()Ljava/nio/charset/CharsetDecoder; @ 4
Event: 1.129 Thread 0x00000000052a4000 Uncommon trap: reason=unstable_if action=reinterpret pc=0x00000000055b2fdc method=java.util.zip.ZipFile$ZipEntryIterator.hasNext()Z @ 25
Event: 1.318 Thread 0x00000000052a4000 Uncommon trap: reason=unstable_if action=reinterpret pc=0x00000000055c99f8 method=java.util.zip.ZipCoder.decoder()Ljava/nio/charset/CharsetDecoder; @ 4
Event: 1.318 Thread 0x00000000052a4000 Uncommon trap: reason=unstable_if action=reinterpret pc=0x00000000055c2888 method=java.util.zip.ZipCoder.decoder()Ljava/nio/charset/CharsetDecoder; @ 4
Event: 1.319 Thread 0x00000000052a4000 Uncommon trap: reason=unstable_if action=reinterpret pc=0x00000000055c4f5c method=java.util.zip.ZipCoder.decoder()Ljava/nio/charset/CharsetDecoder; @ 4
Event: 1.689 Thread 0x00000000052a4000 Uncommon trap: reason=unloaded action=reinterpret pc=0x00000000055be5fc method=java.util.zip.ZipEntry.setExtra0([BZ)V @ 37
Event: 1.916 Thread 0x00000000052a4000 Uncommon trap: reason=unstable_if action=reinterpret pc=0x0000000005590038 method=java.lang.String.<init>([CII)V @ 18

Classes redefined (0 events):
No events

Internal exceptions (10 events):
Event: 1.451 Thread 0x00000000052a4000 Exception <a 'sun/nio/fs/WindowsException'> (0x00000000ff10c3f8) thrown at [D:\src\AOSP-openjdk-cygwin\jdk8u\hotspot\src\share\vm\prims\jni.cpp, line 709]
Event: 1.451 Thread 0x00000000052a4000 Exception <a 'sun/nio/fs/WindowsException'> (0x00000000ff10c9a8) thrown at [D:\src\AOSP-openjdk-cygwin\jdk8u\hotspot\src\share\vm\prims\jni.cpp, line 709]
Event: 1.451 Thread 0x00000000052a4000 Exception <a 'sun/nio/fs/WindowsException'> (0x00000000ff10d168) thrown at [D:\src\AOSP-openjdk-cygwin\jdk8u\hotspot\src\share\vm\prims\jni.cpp, line 709]
Event: 1.452 Thread 0x00000000052a4000 Exception <a 'sun/nio/fs/WindowsException'> (0x00000000ff10d6f0) thrown at [D:\src\AOSP-openjdk-cygwin\jdk8u\hotspot\src\share\vm\prims\jni.cpp, line 709]
Event: 1.452 Thread 0x00000000052a4000 Exception <a 'sun/nio/fs/WindowsException'> (0x00000000ff10de90) thrown at [D:\src\AOSP-openjdk-cygwin\jdk8u\hotspot\src\share\vm\prims\jni.cpp, line 709]
Event: 1.496 Thread 0x00000000052a4000 Exception <a 'sun/nio/fs/WindowsException'> (0x00000000ff113180) thrown at [D:\src\AOSP-openjdk-cygwin\jdk8u\hotspot\src\share\vm\prims\jni.cpp, line 709]
Event: 1.714 Thread 0x00000000052a4000 Exception <a 'sun/nio/fs/WindowsException'> (0x00000000ff4b4e80) thrown at [D:\src\AOSP-openjdk-cygwin\jdk8u\hotspot\src\share\vm\prims\jni.cpp, line 709]
Event: 1.714 Thread 0x00000000052a4000 Exception <a 'sun/nio/fs/WindowsException'> (0x00000000ff4b5408) thrown at [D:\src\AOSP-openjdk-cygwin\jdk8u\hotspot\src\share\vm\prims\jni.cpp, line 709]
Event: 1.991 Thread 0x00000000052a4000 Exception <a 'sun/nio/fs/WindowsException'> (0x00000000ff620468) thrown at [D:\src\AOSP-openjdk-cygwin\jdk8u\hotspot\src\share\vm\prims\jni.cpp, line 709]
Event: 1.991 Thread 0x00000000052a4000 Exception <a 'sun/nio/fs/WindowsException'> (0x00000000ff620970) thrown at [D:\src\AOSP-openjdk-cygwin\jdk8u\hotspot\src\share\vm\prims\jni.cpp, line 709]

Events (10 events):
Event: 1.916 Thread 0x00000000052a4000 DEOPT PACKING pc=0x0000000005590038 sp=0x000000000529ee80
Event: 1.916 Thread 0x00000000052a4000 DEOPT UNPACKING pc=0x00000000053e556a sp=0x000000000529ee68 mode 2
Event: 1.917 loading class org/objectweb/asm/tree/TryCatchBlockNode
Event: 1.917 loading class org/objectweb/asm/tree/TryCatchBlockNode done
Event: 1.920 loading class org/objectweb/asm/Handler
Event: 1.920 loading class org/objectweb/asm/Handler done
Event: 1.951 loading class org/objectweb/asm/Opcodes
Event: 1.951 loading class org/objectweb/asm/Opcodes done
Event: 1.980 loading class java/util/Vector$Itr
Event: 1.980 loading class java/util/Vector$Itr done


Dynamic libraries:
0x00007ff732730000 - 0x00007ff732761000 	F:\Android Studio\jre\bin\java.exe
0x00007fff90100000 - 0x00007fff902e0000 	C:\WINDOWS\SYSTEM32\ntdll.dll
0x00007fff8f8f0000 - 0x00007fff8f99e000 	C:\WINDOWS\System32\KERNEL32.DLL
0x00007fff8cd00000 - 0x00007fff8cf66000 	C:\WINDOWS\System32\KERNELBASE.dll
0x00007fff8d820000 - 0x00007fff8d8c1000 	C:\WINDOWS\System32\ADVAPI32.dll
0x00007fff8dd30000 - 0x00007fff8ddcd000 	C:\WINDOWS\System32\msvcrt.dll
0x00007fff8d650000 - 0x00007fff8d6ab000 	C:\WINDOWS\System32\sechost.dll
0x00007fff8fe90000 - 0x00007fff8ffaf000 	C:\WINDOWS\System32\RPCRT4.dll
0x00007fff8df40000 - 0x00007fff8e0cf000 	C:\WINDOWS\System32\USER32.dll
0x00007fff8d480000 - 0x00007fff8d4a0000 	C:\WINDOWS\System32\win32u.dll
0x00007fff8fe00000 - 0x00007fff8fe28000 	C:\WINDOWS\System32\GDI32.dll
0x00007fff8cf70000 - 0x00007fff8d103000 	C:\WINDOWS\System32\gdi32full.dll
0x00007fff8d110000 - 0x00007fff8d1ab000 	C:\WINDOWS\System32\msvcp_win.dll
0x00007fff8d380000 - 0x00007fff8d476000 	C:\WINDOWS\System32\ucrtbase.dll
0x00007fff82940000 - 0x00007fff82ba9000 	C:\WINDOWS\WinSxS\amd64_microsoft.windows.common-controls_6595b64144ccf1df_6.0.16299.492_none_15c8d3609364b9b0\COMCTL32.dll
0x00007fff8d950000 - 0x00007fff8dc57000 	C:\WINDOWS\System32\combase.dll
0x00007fff8d4a0000 - 0x00007fff8d512000 	C:\WINDOWS\System32\bcryptPrimitives.dll
0x00007fff8f8c0000 - 0x00007fff8f8ed000 	C:\WINDOWS\System32\IMM32.DLL
0x0000000064630000 - 0x0000000064702000 	F:\Android Studio\jre\jre\bin\msvcr100.dll
0x0000000064710000 - 0x0000000064f4e000 	F:\Android Studio\jre\jre\bin\server\jvm.dll
0x00007fff8d640000 - 0x00007fff8d648000 	C:\WINDOWS\System32\PSAPI.DLL
0x00007fff88c40000 - 0x00007fff88c63000 	C:\WINDOWS\SYSTEM32\WINMM.dll
0x00007fff874d0000 - 0x00007fff874da000 	C:\WINDOWS\SYSTEM32\VERSION.dll
0x00007fff7df40000 - 0x00007fff7df49000 	C:\WINDOWS\SYSTEM32\WSOCK32.dll
0x00007fff88be0000 - 0x00007fff88c0a000 	C:\WINDOWS\SYSTEM32\WINMMBASE.dll
0x00007fff8d5d0000 - 0x00007fff8d63c000 	C:\WINDOWS\System32\WS2_32.dll
0x00007fff8ccb0000 - 0x00007fff8ccfa000 	C:\WINDOWS\System32\cfgmgr32.dll
0x00007fff8a800000 - 0x00007fff8a80f000 	F:\Android Studio\jre\jre\bin\verify.dll
0x00007fff81de0000 - 0x00007fff81e09000 	F:\Android Studio\jre\jre\bin\java.dll
0x00007fff81fc0000 - 0x00007fff81fd6000 	F:\Android Studio\jre\jre\bin\zip.dll
0x00007fff8e240000 - 0x00007fff8f678000 	C:\WINDOWS\System32\SHELL32.dll
0x00007fff8ddd0000 - 0x00007fff8de76000 	C:\WINDOWS\System32\shcore.dll
0x00007fff8c500000 - 0x00007fff8cc47000 	C:\WINDOWS\System32\windows.storage.dll
0x00007fff8de80000 - 0x00007fff8ded1000 	C:\WINDOWS\System32\shlwapi.dll
0x00007fff8c4e0000 - 0x00007fff8c4f1000 	C:\WINDOWS\System32\kernel.appcore.dll
0x00007fff8c490000 - 0x00007fff8c4dc000 	C:\WINDOWS\System32\powrprof.dll
0x00007fff8c450000 - 0x00007fff8c46b000 	C:\WINDOWS\System32\profapi.dll
0x00007fff8beb0000 - 0x00007fff8bec7000 	C:\WINDOWS\SYSTEM32\CRYPTSP.dll
0x00007fff8b8e0000 - 0x00007fff8b913000 	C:\WINDOWS\system32\rsaenh.dll
0x00007fff8bfb0000 - 0x00007fff8bfd5000 	C:\WINDOWS\SYSTEM32\bcrypt.dll
0x00007fff8c380000 - 0x00007fff8c3a9000 	C:\WINDOWS\SYSTEM32\USERENV.dll
0x00007fff8bea0000 - 0x00007fff8beab000 	C:\WINDOWS\SYSTEM32\CRYPTBASE.dll
0x00007fff81dc0000 - 0x00007fff81dda000 	F:\Android Studio\jre\jre\bin\net.dll
0x00007fff8bce0000 - 0x00007fff8bd46000 	C:\WINDOWS\system32\mswsock.dll
0x00007fff8ba70000 - 0x00007fff8baa9000 	C:\WINDOWS\SYSTEM32\IPHLPAPI.DLL
0x00007fff8fdf0000 - 0x00007fff8fdf8000 	C:\WINDOWS\System32\NSI.dll
0x00007fff87c60000 - 0x00007fff87c76000 	C:\WINDOWS\SYSTEM32\dhcpcsvc6.DLL
0x00007fff87c40000 - 0x00007fff87c5a000 	C:\WINDOWS\SYSTEM32\dhcpcsvc.DLL
0x00007fff81da0000 - 0x00007fff81db1000 	F:\Android Studio\jre\jre\bin\nio.dll

VM Arguments:
jvm_args: -Djava.awt.headless=true -Xmx64M -Dfile.encoding=windows-1251 -Duser.country=RU -Duser.language=ru -Duser.variant 
java_command: com.google.devtools.build.android.desugar.Desugar --input D:\MyDocuments\garbage\Adorable\app\build\intermediates\transforms\stackFramesFixer\debug\28.jar --output D:\MyDocuments\garbage\Adorable\app\build\intermediates\transforms\desugar\debug\29.jar --input D:\MyDocuments\garbage\Adorable\app\build\intermediates\transforms\stackFramesFixer\debug\23.jar --output D:\MyDocuments\garbage\Adorable\app\build\intermediates\transforms\desugar\debug\24.jar --input D:\MyDocuments\garbage\Adorable\app\build\intermediates\transforms\stackFramesFixer\debug\25.jar --output D:\MyDocuments\garbage\Adorable\app\build\intermediates\transforms\desugar\debug\26.jar --input D:\MyDocuments\garbage\Adorable\app\build\intermediates\transforms\stackFramesFixer\debug\18.jar --output D:\MyDocuments\garbage\Adorable\app\build\intermediates\transforms\desugar\debug\19.jar --classpath_entry D:\MyDocuments\garbage\Adorable\app\build\intermediates\classes\debug --classpath_entry D:\MyDocuments\garbage\Adorable\app\build\intermediates\transforms\stackFramesFixer\debug\0.jar --classpath_entry D:\MyDocuments\garbage\Adorable\app\build\intermediates\transforms\stackFramesFixer\debug\1.jar --classpath_entry D:\MyDocuments\garbage\Adorable\app\build\intermediates\transforms\stackFramesFixer\debug\2.jar --classpath_entry D:\MyDocuments\garbage\Adorable\app\build\intermediates\transforms\stackFramesFixer\debug\3.jar --classpath_entry D:\MyDocuments\garbage\Adorable\app\build\intermediates\transforms\stackFramesFixer\debug\4.jar --classpath_entry D:\MyDocuments\garbage\Adorable\app\build\intermediates\transforms\stackFramesFixer\debug\5.jar --classpath_entry D:\MyDocuments\garbage\Adorable\app\build\intermediates\transforms\stackFramesFixer\debug\6.jar --classpath_entry D:\MyDocuments\garbage\Adorable\app\build\intermediates\transforms\stackFramesFixer\debug\7.jar --classpath_entry D:\MyDocuments\garbage\Adorable\app\build\intermediates\transforms\stackFramesFixer\debug\8.jar --classpath_
java_class_path (initial): C:\Users\S\AppData\Local\Temp\desugar_deploy.jar569512380554033511
Launcher Type: SUN_STANDARD

Environment Variables:
JAVA_HOME=c:\Java\jdk1.8.0_102\
PATH=C:\Program Files\ImageMagick-7.0.8-Q16;C:\nodejs\;C:\Program Files (x86)\PC Connectivity Solution\;C:\ProgramData\Oracle\Java\javapath;C:\Program Files (x86)\Intel\iCLS Client\;C:\Program Files\Intel\iCLS Client\;C:\Windows\system32;C:\Windows;C:\Windows\System32\Wbem;C:\Windows\System32\WindowsPowerShell\v1.0\;C:\Program Files (x86)\Windows Live\Shared;C:\Program Files\Intel\Intel(R) Management Engine Components\DAL;C:\Program Files\Intel\Intel(R) Management Engine Components\IPT;C:\Program Files (x86)\Intel\Intel(R) Management Engine Components\DAL;C:\Program Files (x86)\Intel\Intel(R) Management Engine Components\IPT;C:\Program Files (x86)\QuickTime\QTSystem\;C:\Program Files\OpenVPN\bin;d:\MyDocuments\garbage\asdk\ndk\;d:\MyDocuments\garbage\asdk\tools\;d:\MyDocuments\garbage\asdk\apache-ant-1.9.6\bin\;C:\WINDOWS\system32;C:\WINDOWS;C:\WINDOWS\System32\Wbem;C:\WINDOWS\System32\WindowsPowerShell\v1.0\;C:\Users\S\Deployd\bin;C:\Program Files (x86)\Windows Kits\8.1\Windows Performance Toolkit\;c:\openssl-0.9.8k_X64\bin\;C:\Program Files (x86)\Skype\Phone\;C:\Program Files (x86)\NVIDIA Corporation\PhysX\Common;C:\WINDOWS\system32;C:\WINDOWS;C:\WINDOWS\System32\Wbem;C:\WINDOWS\System32\WindowsPowerShell\v1.0\;C:\Program Files\TortoiseSVN\bin;C:\Program Files\dotnet\;C:\Program Files\Microsoft SQL Server\130\Tools\Binn\;C:\nodejs\;C:\Users\S\AppData\Local\Microsoft\WindowsApps;C:\Users\S\AppData\Roaming\npm;C:\Program Files (x86)\Microsoft VS Code\bin;d:\MyDocuments\garbage\ffmpeg-20180619-830695b-win64-static\bin\;
USERNAME=S
OS=Windows_NT
PROCESSOR_IDENTIFIER=Intel64 Family 6 Model 60 Stepping 3, GenuineIntel



---------------  S Y S T E M  ---------------

OS: Windows 10.0 , 64 bit Build 16299 (10.0.16299.431)

CPU:total 8 (initial active 8) (4 cores per cpu, 2 threads per core) family 6 model 60 stepping 3, cmov, cx8, fxsr, mmx, sse, sse2, sse3, ssse3, sse4.1, sse4.2, popcnt, avx, avx2, aes, clmul, erms, lzcnt, ht, tsc, tscinvbit, bmi1, bmi2

Memory: 4k page, physical 8305848k(407728k free), swap 16694456k(7880k free)

vm_info: OpenJDK 64-Bit Server VM (25.152-b01) for windows-amd64 JRE (1.8.0_152-release-915-b01), built by "builder" with MS VC++ 10.0 (VS2010)

time: Wed Jun 20 23:59:19 2018
elapsed time: 2 seconds (0d 0h 0m 2s)

