#
# There is insufficient memory for the Java Runtime Environment to continue.
# Native memory allocation (malloc) failed to allocate 993456 bytes for Chunk::new
# Possible reasons:
#   The system is out of physical RAM or swap space
#   In 32 bit mode, the process size limit was hit
# Possible solutions:
#   Reduce memory load on the system
#   Increase physical memory or swap space
#   Check if swap backing store is full
#   Use 64 bit Java on a 64 bit OS
#   Decrease Java heap size (-Xmx/-Xms)
#   Decrease number of Java threads
#   Decrease Java thread stack sizes (-Xss)
#   Set larger code cache with -XX:ReservedCodeCacheSize=
# This output file may be truncated or incomplete.
#
#  Out of Memory Error (allocation.cpp:390), pid=97080, tid=0x0000000000017848
#
# JRE version: OpenJDK Runtime Environment (8.0_152-b01) (build 1.8.0_152-release-915-b01)
# Java VM: OpenJDK 64-Bit Server VM (25.152-b01 mixed mode windows-amd64 compressed oops)
# Failed to write core dump. Minidumps are not enabled by default on client versions of Windows
#

---------------  T H R E A D  ---------------

Current thread (0x0000000017718000):  JavaThread "C2 CompilerThread2" daemon [_thread_in_native, id=96328, stack(0x00000000180f0000,0x00000000181f0000)]

Stack: [0x00000000180f0000,0x00000000181f0000]
[error occurred during error reporting (printing stack bounds), id 0xc0000005]

Native frames: (J=compiled Java code, j=interpreted, Vv=VM code, C=native code)


Current CompileTask:
C2:   2232  834       4       org.objectweb.asm.ClassReader::a (3587 bytes)


---------------  P R O C E S S  ---------------

Java Threads: ( => current thread )
  0x0000000017772000 JavaThread "Service Thread" daemon [_thread_blocked, id=96064, stack(0x00000000182f0000,0x00000000183f0000)]
  0x000000001776a800 JavaThread "C1 CompilerThread3" daemon [_thread_blocked, id=95876, stack(0x00000000181f0000,0x00000000182f0000)]
=>0x0000000017718000 JavaThread "C2 CompilerThread2" daemon [_thread_in_native, id=96328, stack(0x00000000180f0000,0x00000000181f0000)]
  0x0000000017716000 JavaThread "C2 CompilerThread1" daemon [_thread_in_native, id=93672, stack(0x0000000017ff0000,0x00000000180f0000)]
  0x0000000017713000 JavaThread "C2 CompilerThread0" daemon [_thread_in_native, id=96628, stack(0x0000000017ef0000,0x0000000017ff0000)]
  0x0000000017711000 JavaThread "Attach Listener" daemon [_thread_blocked, id=89704, stack(0x0000000017df0000,0x0000000017ef0000)]
  0x000000001770f800 JavaThread "Signal Dispatcher" daemon [_thread_blocked, id=95296, stack(0x0000000017cf0000,0x0000000017df0000)]
  0x0000000015801800 JavaThread "Finalizer" daemon [_thread_blocked, id=7024, stack(0x0000000017ae0000,0x0000000017be0000)]
  0x0000000005049000 JavaThread "Reference Handler" daemon [_thread_blocked, id=95652, stack(0x00000000175e0000,0x00000000176e0000)]
  0x0000000004f54000 JavaThread "main" [_thread_in_Java, id=95820, stack(0x0000000004e50000,0x0000000004f50000)]

Other Threads:
  0x00000000157f7000 VMThread [stack: 0x00000000174e0000,0x00000000175e0000] [id=95472]
  0x0000000017773000 WatcherThread [stack: 0x00000000183f0000,0x00000000184f0000] [id=96060]

VM state:not at safepoint (normal execution)

VM Mutex/Monitor currently owned by a thread: None

Heap:
 PSYoungGen      total 18944K, used 14647K [0x00000000feb00000, 0x0000000100000000, 0x0000000100000000)
  eden space 16384K, 73% used [0x00000000feb00000,0x00000000ff6cedb0,0x00000000ffb00000)
  from space 2560K, 99% used [0x00000000ffd80000,0x00000000ffffee58,0x0000000100000000)
  to   space 2560K, 0% used [0x00000000ffb00000,0x00000000ffb00000,0x00000000ffd80000)
 ParOldGen       total 44032K, used 5305K [0x00000000fc000000, 0x00000000feb00000, 0x00000000feb00000)
  object space 44032K, 12% used [0x00000000fc000000,0x00000000fc52e638,0x00000000feb00000)
 Metaspace       used 7545K, capacity 7708K, committed 7936K, reserved 1056768K
  class space    used 868K, capacity 956K, committed 1024K, reserved 1048576K

Card table byte_map: [0x0000000004dc0000,0x0000000004df0000] byte_map_base: 0x00000000045e0000

Marking Bits: (ParMarkBitMap*) 0x0000000064ed3950
 Begin Bits: [0x0000000014c10000, 0x0000000014d10000)
 End Bits:   [0x0000000014d10000, 0x0000000014e10000)

Polling page: 0x0000000003060000

CodeCache: size=245760Kb used=3737Kb max_used=3750Kb free=242022Kb
 bounds [0x0000000005050000, 0x0000000005400000, 0x0000000014050000]
 total_blobs=1341 nmethods=1010 adapters=245
 compilation: enabled

Compilation events (10 events):
Event: 2.207 Thread 0x000000001776a800 1012       3       com.google.devtools.build.android.desugar.DefaultMethodClassFixer::defaultMethodsDefined (83 bytes)
Event: 2.208 Thread 0x000000001776a800 nmethod 1012 0x00000000053f62d0 code [0x00000000053f64e0, 0x00000000053f6f68]
Event: 2.216 Thread 0x0000000017713000 nmethod 965 0x00000000053f87d0 code [0x00000000053f89a0, 0x00000000053f9150]
Event: 2.216 Thread 0x0000000017713000  999       4       org.objectweb.asm.Type::a (269 bytes)
Event: 2.221 Thread 0x0000000017713000 nmethod 999 0x00000000053f9810 code [0x00000000053f9aa0, 0x00000000053f9f88]
Event: 2.221 Thread 0x0000000017713000 1002       4       org.objectweb.asm.ClassReader::a (162 bytes)
Event: 2.228 Thread 0x000000001776a800 1015       3       org.objectweb.asm.ClassWriter::a (64 bytes)
Event: 2.229 Thread 0x000000001776a800 nmethod 1015 0x00000000053f7fd0 code [0x00000000053f8180, 0x00000000053f85c8]
Event: 2.230 Thread 0x0000000017713000 nmethod 1002 0x00000000053fd650 code [0x00000000053fd820, 0x00000000053fe048]
Event: 2.230 Thread 0x0000000017713000 1013       4       org.objectweb.asm.MethodVisitor::visitLineNumber (17 bytes)

GC Heap History (4 events):
Event: 1.106 GC heap before
{Heap before GC invocations=1 (full 0):
 PSYoungGen      total 18944K, used 16384K [0x00000000feb00000, 0x0000000100000000, 0x0000000100000000)
  eden space 16384K, 100% used [0x00000000feb00000,0x00000000ffb00000,0x00000000ffb00000)
  from space 2560K, 0% used [0x00000000ffd80000,0x00000000ffd80000,0x0000000100000000)
  to   space 2560K, 0% used [0x00000000ffb00000,0x00000000ffb00000,0x00000000ffd80000)
 ParOldGen       total 44032K, used 0K [0x00000000fc000000, 0x00000000feb00000, 0x00000000feb00000)
  object space 44032K, 0% used [0x00000000fc000000,0x00000000fc000000,0x00000000feb00000)
 Metaspace       used 6487K, capacity 6670K, committed 6784K, reserved 1056768K
  class space    used 768K, capacity 823K, committed 896K, reserved 1048576K
Event: 1.161 GC heap after
Heap after GC invocations=1 (full 0):
 PSYoungGen      total 18944K, used 2544K [0x00000000feb00000, 0x0000000100000000, 0x0000000100000000)
  eden space 16384K, 0% used [0x00000000feb00000,0x00000000feb00000,0x00000000ffb00000)
  from space 2560K, 99% used [0x00000000ffb00000,0x00000000ffd7c020,0x00000000ffd80000)
  to   space 2560K, 0% used [0x00000000ffd80000,0x00000000ffd80000,0x0000000100000000)
 ParOldGen       total 44032K, used 1740K [0x00000000fc000000, 0x00000000feb00000, 0x00000000feb00000)
  object space 44032K, 3% used [0x00000000fc000000,0x00000000fc1b31f0,0x00000000feb00000)
 Metaspace       used 6487K, capacity 6670K, committed 6784K, reserved 1056768K
  class space    used 768K, capacity 823K, committed 896K, reserved 1048576K
}
Event: 1.866 GC heap before
{Heap before GC invocations=2 (full 0):
 PSYoungGen      total 18944K, used 18928K [0x00000000feb00000, 0x0000000100000000, 0x0000000100000000)
  eden space 16384K, 100% used [0x00000000feb00000,0x00000000ffb00000,0x00000000ffb00000)
  from space 2560K, 99% used [0x00000000ffb00000,0x00000000ffd7c020,0x00000000ffd80000)
  to   space 2560K, 0% used [0x00000000ffd80000,0x00000000ffd80000,0x0000000100000000)
 ParOldGen       total 44032K, used 1740K [0x00000000fc000000, 0x00000000feb00000, 0x00000000feb00000)
  object space 44032K, 3% used [0x00000000fc000000,0x00000000fc1b31f0,0x00000000feb00000)
 Metaspace       used 7473K, capacity 7644K, committed 7936K, reserved 1056768K
  class space    used 868K, capacity 956K, committed 1024K, reserved 1048576K
Event: 1.953 GC heap after
Heap after GC invocations=2 (full 0):
 PSYoungGen      total 18944K, used 2555K [0x00000000feb00000, 0x0000000100000000, 0x0000000100000000)
  eden space 16384K, 0% used [0x00000000feb00000,0x00000000feb00000,0x00000000ffb00000)
  from space 2560K, 99% used [0x00000000ffd80000,0x00000000ffffee58,0x0000000100000000)
  to   space 2560K, 0% used [0x00000000ffb00000,0x00000000ffb00000,0x00000000ffd80000)
 ParOldGen       total 44032K, used 5305K [0x00000000fc000000, 0x00000000feb00000, 0x00000000feb00000)
  object space 44032K, 12% used [0x00000000fc000000,0x00000000fc52e638,0x00000000feb00000)
 Metaspace       used 7473K, capacity 7644K, committed 7936K, reserved 1056768K
  class space    used 868K, capacity 956K, committed 1024K, reserved 1048576K
}

Deoptimization events (10 events):
Event: 1.188 Thread 0x0000000004f54000 Uncommon trap: reason=unstable_if action=reinterpret pc=0x000000000526cac8 method=java.util.zip.ZipCoder.decoder()Ljava/nio/charset/CharsetDecoder; @ 4
Event: 1.194 Thread 0x0000000004f54000 Uncommon trap: reason=unstable_if action=reinterpret pc=0x000000000527cb08 method=java.util.HashMap$HashIterator.nextNode()Ljava/util/HashMap$Node; @ 74
Event: 1.317 Thread 0x0000000004f54000 Uncommon trap: reason=unstable_if action=reinterpret pc=0x00000000052784c8 method=java.util.HashMap$HashIterator.nextNode()Ljava/util/HashMap$Node; @ 74
Event: 1.346 Thread 0x0000000004f54000 Uncommon trap: reason=unloaded action=reinterpret pc=0x0000000005258f7c method=java.util.zip.ZipEntry.setExtra0([BZ)V @ 37
Event: 1.583 Thread 0x0000000004f54000 Uncommon trap: reason=unstable_if action=reinterpret pc=0x0000000005234d38 method=java.lang.String.<init>([CII)V @ 18
Event: 1.768 Thread 0x0000000004f54000 Uncommon trap: reason=unstable_if action=reinterpret pc=0x00000000052f7ce0 method=org.objectweb.asm.ClassReader.a(II[C)Ljava/lang/String; @ 77
Event: 1.768 Thread 0x0000000004f54000 Uncommon trap: reason=unstable_if action=reinterpret pc=0x00000000052f68f8 method=org.objectweb.asm.ByteVector.putUTF8(Ljava/lang/String;)Lorg/objectweb/asm/ByteVector; @ 98
Event: 1.773 Thread 0x0000000004f54000 Uncommon trap: reason=unstable_if action=reinterpret pc=0x000000000534c3d8 method=org.objectweb.asm.Item.a(Lorg/objectweb/asm/Item;)Z @ 345
Event: 2.113 Thread 0x0000000004f54000 Uncommon trap: reason=unstable_if action=reinterpret pc=0x00000000053605b8 method=org.objectweb.asm.Type.getArgumentsAndReturnSizes(Ljava/lang/String;)I @ 118
Event: 2.134 Thread 0x0000000004f54000 Uncommon trap: reason=unstable_if action=reinterpret pc=0x000000000539e4a0 method=org.objectweb.asm.MethodWriter.visitVarInsn(II)V @ 142

Classes redefined (0 events):
No events

Internal exceptions (10 events):
Event: 1.309 Thread 0x0000000004f54000 Exception <a 'sun/nio/fs/WindowsException'> (0x00000000ff10c108) thrown at [D:\src\AOSP-openjdk-cygwin\jdk8u\hotspot\src\share\vm\prims\jni.cpp, line 709]
Event: 1.309 Thread 0x0000000004f54000 Exception <a 'sun/nio/fs/WindowsException'> (0x00000000ff10c6b8) thrown at [D:\src\AOSP-openjdk-cygwin\jdk8u\hotspot\src\share\vm\prims\jni.cpp, line 709]
Event: 1.309 Thread 0x0000000004f54000 Exception <a 'sun/nio/fs/WindowsException'> (0x00000000ff10ce78) thrown at [D:\src\AOSP-openjdk-cygwin\jdk8u\hotspot\src\share\vm\prims\jni.cpp, line 709]
Event: 1.309 Thread 0x0000000004f54000 Exception <a 'sun/nio/fs/WindowsException'> (0x00000000ff10d400) thrown at [D:\src\AOSP-openjdk-cygwin\jdk8u\hotspot\src\share\vm\prims\jni.cpp, line 709]
Event: 1.309 Thread 0x0000000004f54000 Exception <a 'sun/nio/fs/WindowsException'> (0x00000000ff10dba0) thrown at [D:\src\AOSP-openjdk-cygwin\jdk8u\hotspot\src\share\vm\prims\jni.cpp, line 709]
Event: 1.323 Thread 0x0000000004f54000 Exception <a 'sun/nio/fs/WindowsException'> (0x00000000ff112e90) thrown at [D:\src\AOSP-openjdk-cygwin\jdk8u\hotspot\src\share\vm\prims\jni.cpp, line 709]
Event: 1.369 Thread 0x0000000004f54000 Exception <a 'sun/nio/fs/WindowsException'> (0x00000000ff4b4bc0) thrown at [D:\src\AOSP-openjdk-cygwin\jdk8u\hotspot\src\share\vm\prims\jni.cpp, line 709]
Event: 1.369 Thread 0x0000000004f54000 Exception <a 'sun/nio/fs/WindowsException'> (0x00000000ff4b5148) thrown at [D:\src\AOSP-openjdk-cygwin\jdk8u\hotspot\src\share\vm\prims\jni.cpp, line 709]
Event: 1.585 Thread 0x0000000004f54000 Exception <a 'sun/nio/fs/WindowsException'> (0x00000000ff60a6d8) thrown at [D:\src\AOSP-openjdk-cygwin\jdk8u\hotspot\src\share\vm\prims\jni.cpp, line 709]
Event: 1.585 Thread 0x0000000004f54000 Exception <a 'sun/nio/fs/WindowsException'> (0x00000000ff60abe0) thrown at [D:\src\AOSP-openjdk-cygwin\jdk8u\hotspot\src\share\vm\prims\jni.cpp, line 709]

Events (10 events):
Event: 1.773 Thread 0x0000000004f54000 DEOPT PACKING pc=0x000000000534c3d8 sp=0x0000000004f4e660
Event: 1.773 Thread 0x0000000004f54000 DEOPT UNPACKING pc=0x000000000509556a sp=0x0000000004f4e5f8 mode 2
Event: 1.866 Executing VM operation: ParallelGCFailedAllocation
Event: 1.953 Executing VM operation: ParallelGCFailedAllocation done
Event: 2.113 Thread 0x0000000004f54000 Uncommon trap: trap_request=0xffffff65 fr.pc=0x00000000053605b8
Event: 2.113 Thread 0x0000000004f54000 DEOPT PACKING pc=0x00000000053605b8 sp=0x0000000004f4e5d0
Event: 2.113 Thread 0x0000000004f54000 DEOPT UNPACKING pc=0x000000000509556a sp=0x0000000004f4e560 mode 2
Event: 2.134 Thread 0x0000000004f54000 Uncommon trap: trap_request=0xffffff65 fr.pc=0x000000000539e4a0
Event: 2.134 Thread 0x0000000004f54000 DEOPT PACKING pc=0x000000000539e4a0 sp=0x0000000004f4e7d0
Event: 2.134 Thread 0x0000000004f54000 DEOPT UNPACKING pc=0x000000000509556a sp=0x0000000004f4e718 mode 2


Dynamic libraries:
0x00007ff732730000 - 0x00007ff732761000 	F:\Android Studio\jre\bin\java.exe
0x00007fff90100000 - 0x00007fff902e0000 	C:\WINDOWS\SYSTEM32\ntdll.dll
0x00007fff8f8f0000 - 0x00007fff8f99e000 	C:\WINDOWS\System32\KERNEL32.DLL
0x00007fff8cd00000 - 0x00007fff8cf66000 	C:\WINDOWS\System32\KERNELBASE.dll
0x00007fff8d820000 - 0x00007fff8d8c1000 	C:\WINDOWS\System32\ADVAPI32.dll
0x00007fff8dd30000 - 0x00007fff8ddcd000 	C:\WINDOWS\System32\msvcrt.dll
0x00007fff8d650000 - 0x00007fff8d6ab000 	C:\WINDOWS\System32\sechost.dll
0x00007fff8fe90000 - 0x00007fff8ffaf000 	C:\WINDOWS\System32\RPCRT4.dll
0x00007fff8df40000 - 0x00007fff8e0cf000 	C:\WINDOWS\System32\USER32.dll
0x00007fff8d480000 - 0x00007fff8d4a0000 	C:\WINDOWS\System32\win32u.dll
0x00007fff8fe00000 - 0x00007fff8fe28000 	C:\WINDOWS\System32\GDI32.dll
0x00007fff8cf70000 - 0x00007fff8d103000 	C:\WINDOWS\System32\gdi32full.dll
0x00007fff8d110000 - 0x00007fff8d1ab000 	C:\WINDOWS\System32\msvcp_win.dll
0x00007fff8d380000 - 0x00007fff8d476000 	C:\WINDOWS\System32\ucrtbase.dll
0x00007fff82940000 - 0x00007fff82ba9000 	C:\WINDOWS\WinSxS\amd64_microsoft.windows.common-controls_6595b64144ccf1df_6.0.16299.492_none_15c8d3609364b9b0\COMCTL32.dll
0x00007fff8d950000 - 0x00007fff8dc57000 	C:\WINDOWS\System32\combase.dll
0x00007fff8d4a0000 - 0x00007fff8d512000 	C:\WINDOWS\System32\bcryptPrimitives.dll
0x00007fff8f8c0000 - 0x00007fff8f8ed000 	C:\WINDOWS\System32\IMM32.DLL
0x0000000064630000 - 0x0000000064702000 	F:\Android Studio\jre\jre\bin\msvcr100.dll
0x0000000064710000 - 0x0000000064f4e000 	F:\Android Studio\jre\jre\bin\server\jvm.dll
0x00007fff8d640000 - 0x00007fff8d648000 	C:\WINDOWS\System32\PSAPI.DLL
0x00007fff7df40000 - 0x00007fff7df49000 	C:\WINDOWS\SYSTEM32\WSOCK32.dll
0x00007fff8d5d0000 - 0x00007fff8d63c000 	C:\WINDOWS\System32\WS2_32.dll
0x00007fff874d0000 - 0x00007fff874da000 	C:\WINDOWS\SYSTEM32\VERSION.dll
0x00007fff88c40000 - 0x00007fff88c63000 	C:\WINDOWS\SYSTEM32\WINMM.dll
0x00007fff88be0000 - 0x00007fff88c0a000 	C:\WINDOWS\SYSTEM32\winmmbase.dll
0x00007fff8ccb0000 - 0x00007fff8ccfa000 	C:\WINDOWS\System32\cfgmgr32.dll
0x00007fff8a800000 - 0x00007fff8a80f000 	F:\Android Studio\jre\jre\bin\verify.dll
0x00007fff81de0000 - 0x00007fff81e09000 	F:\Android Studio\jre\jre\bin\java.dll
0x00007fff81fc0000 - 0x00007fff81fd6000 	F:\Android Studio\jre\jre\bin\zip.dll
0x00007fff8e240000 - 0x00007fff8f678000 	C:\WINDOWS\System32\SHELL32.dll
0x00007fff8ddd0000 - 0x00007fff8de76000 	C:\WINDOWS\System32\shcore.dll
0x00007fff8c500000 - 0x00007fff8cc47000 	C:\WINDOWS\System32\windows.storage.dll
0x00007fff8de80000 - 0x00007fff8ded1000 	C:\WINDOWS\System32\shlwapi.dll
0x00007fff8c4e0000 - 0x00007fff8c4f1000 	C:\WINDOWS\System32\kernel.appcore.dll
0x00007fff8c490000 - 0x00007fff8c4dc000 	C:\WINDOWS\System32\powrprof.dll
0x00007fff8c450000 - 0x00007fff8c46b000 	C:\WINDOWS\System32\profapi.dll
0x00007fff8beb0000 - 0x00007fff8bec7000 	C:\WINDOWS\SYSTEM32\CRYPTSP.dll
0x00007fff8b8e0000 - 0x00007fff8b913000 	C:\WINDOWS\system32\rsaenh.dll
0x00007fff8bfb0000 - 0x00007fff8bfd5000 	C:\WINDOWS\SYSTEM32\bcrypt.dll
0x00007fff8c380000 - 0x00007fff8c3a9000 	C:\WINDOWS\SYSTEM32\USERENV.dll
0x00007fff8bea0000 - 0x00007fff8beab000 	C:\WINDOWS\SYSTEM32\CRYPTBASE.dll
0x00007fff81dc0000 - 0x00007fff81dda000 	F:\Android Studio\jre\jre\bin\net.dll
0x00007fff8bce0000 - 0x00007fff8bd46000 	C:\WINDOWS\system32\mswsock.dll
0x00007fff8ba70000 - 0x00007fff8baa9000 	C:\WINDOWS\SYSTEM32\IPHLPAPI.DLL
0x00007fff8fdf0000 - 0x00007fff8fdf8000 	C:\WINDOWS\System32\NSI.dll
0x00007fff87c60000 - 0x00007fff87c76000 	C:\WINDOWS\SYSTEM32\dhcpcsvc6.DLL
0x00007fff87c40000 - 0x00007fff87c5a000 	C:\WINDOWS\SYSTEM32\dhcpcsvc.DLL
0x00007fff81da0000 - 0x00007fff81db1000 	F:\Android Studio\jre\jre\bin\nio.dll

VM Arguments:
jvm_args: -Djava.awt.headless=true -Xmx64M -Dfile.encoding=windows-1251 -Duser.country=RU -Duser.language=ru -Duser.variant 
java_command: com.google.devtools.build.android.desugar.Desugar --input D:\MyDocuments\garbage\Adorable\app\build\intermediates\transforms\stackFramesFixer\debug\0.jar --output D:\MyDocuments\garbage\Adorable\app\build\intermediates\transforms\desugar\debug\1.jar --input D:\MyDocuments\garbage\Adorable\app\build\intermediates\transforms\stackFramesFixer\debug\21.jar --output D:\MyDocuments\garbage\Adorable\app\build\intermediates\transforms\desugar\debug\22.jar --input D:\MyDocuments\garbage\Adorable\app\build\intermediates\transforms\stackFramesFixer\debug\29.jar --output D:\MyDocuments\garbage\Adorable\app\build\intermediates\transforms\desugar\debug\30.jar --input D:\MyDocuments\garbage\Adorable\app\build\intermediates\transforms\stackFramesFixer\debug\17.jar --output D:\MyDocuments\garbage\Adorable\app\build\intermediates\transforms\desugar\debug\18.jar --classpath_entry D:\MyDocuments\garbage\Adorable\app\build\intermediates\classes\debug --classpath_entry D:\MyDocuments\garbage\Adorable\app\build\intermediates\transforms\stackFramesFixer\debug\0.jar --classpath_entry D:\MyDocuments\garbage\Adorable\app\build\intermediates\transforms\stackFramesFixer\debug\1.jar --classpath_entry D:\MyDocuments\garbage\Adorable\app\build\intermediates\transforms\stackFramesFixer\debug\2.jar --classpath_entry D:\MyDocuments\garbage\Adorable\app\build\intermediates\transforms\stackFramesFixer\debug\3.jar --classpath_entry D:\MyDocuments\garbage\Adorable\app\build\intermediates\transforms\stackFramesFixer\debug\4.jar --classpath_entry D:\MyDocuments\garbage\Adorable\app\build\intermediates\transforms\stackFramesFixer\debug\5.jar --classpath_entry D:\MyDocuments\garbage\Adorable\app\build\intermediates\transforms\stackFramesFixer\debug\6.jar --classpath_entry D:\MyDocuments\garbage\Adorable\app\build\intermediates\transforms\stackFramesFixer\debug\7.jar --classpath_entry D:\MyDocuments\garbage\Adorable\app\build\intermediates\transforms\stackFramesFixer\debug\8.jar --classpath_en
java_class_path (initial): C:\Users\S\AppData\Local\Temp\desugar_deploy.jar569512380554033511
Launcher Type: SUN_STANDARD

Environment Variables:
JAVA_HOME=c:\Java\jdk1.8.0_102\
PATH=C:\Program Files\ImageMagick-7.0.8-Q16;C:\nodejs\;C:\Program Files (x86)\PC Connectivity Solution\;C:\ProgramData\Oracle\Java\javapath;C:\Program Files (x86)\Intel\iCLS Client\;C:\Program Files\Intel\iCLS Client\;C:\Windows\system32;C:\Windows;C:\Windows\System32\Wbem;C:\Windows\System32\WindowsPowerShell\v1.0\;C:\Program Files (x86)\Windows Live\Shared;C:\Program Files\Intel\Intel(R) Management Engine Components\DAL;C:\Program Files\Intel\Intel(R) Management Engine Components\IPT;C:\Program Files (x86)\Intel\Intel(R) Management Engine Components\DAL;C:\Program Files (x86)\Intel\Intel(R) Management Engine Components\IPT;C:\Program Files (x86)\QuickTime\QTSystem\;C:\Program Files\OpenVPN\bin;d:\MyDocuments\garbage\asdk\ndk\;d:\MyDocuments\garbage\asdk\tools\;d:\MyDocuments\garbage\asdk\apache-ant-1.9.6\bin\;C:\WINDOWS\system32;C:\WINDOWS;C:\WINDOWS\System32\Wbem;C:\WINDOWS\System32\WindowsPowerShell\v1.0\;C:\Users\S\Deployd\bin;C:\Program Files (x86)\Windows Kits\8.1\Windows Performance Toolkit\;c:\openssl-0.9.8k_X64\bin\;C:\Program Files (x86)\Skype\Phone\;C:\Program Files (x86)\NVIDIA Corporation\PhysX\Common;C:\WINDOWS\system32;C:\WINDOWS;C:\WINDOWS\System32\Wbem;C:\WINDOWS\System32\WindowsPowerShell\v1.0\;C:\Program Files\TortoiseSVN\bin;C:\Program Files\dotnet\;C:\Program Files\Microsoft SQL Server\130\Tools\Binn\;C:\nodejs\;C:\Users\S\AppData\Local\Microsoft\WindowsApps;C:\Users\S\AppData\Roaming\npm;C:\Program Files (x86)\Microsoft VS Code\bin;d:\MyDocuments\garbage\ffmpeg-20180619-830695b-win64-static\bin\;
USERNAME=S
OS=Windows_NT
PROCESSOR_IDENTIFIER=Intel64 Family 6 Model 60 Stepping 3, GenuineIntel



---------------  S Y S T E M  ---------------

OS: Windows 10.0 , 64 bit Build 16299 (10.0.16299.431)

CPU:total 8 (initial active 8) (4 cores per cpu, 2 threads per core) family 6 model 60 stepping 3, cmov, cx8, fxsr, mmx, sse, sse2, sse3, ssse3, sse4.1, sse4.2, popcnt, avx, avx2, aes, clmul, erms, lzcnt, ht, tsc, tscinvbit, bmi1, bmi2

Memory: 4k page, physical 8305848k(422724k free), swap 16694456k(3164k free)

vm_info: OpenJDK 64-Bit Server VM (25.152-b01) for windows-amd64 JRE (1.8.0_152-release-915-b01), built by "builder" with MS VC++ 10.0 (VS2010)

time: Wed Jun 20 23:59:19 2018
elapsed time: 2 seconds (0d 0h 0m 2s)

