#
# There is insufficient memory for the Java Runtime Environment to continue.
# Native memory allocation (malloc) failed to allocate 32744 bytes for ChunkPool::allocate
# Possible reasons:
#   The system is out of physical RAM or swap space
#   In 32 bit mode, the process size limit was hit
# Possible solutions:
#   Reduce memory load on the system
#   Increase physical memory or swap space
#   Check if swap backing store is full
#   Use 64 bit Java on a 64 bit OS
#   Decrease Java heap size (-Xmx/-Xms)
#   Decrease number of Java threads
#   Decrease Java thread stack sizes (-Xss)
#   Set larger code cache with -XX:ReservedCodeCacheSize=
# This output file may be truncated or incomplete.
#
#  Out of Memory Error (allocation.cpp:273), pid=120468, tid=0x000000000001cd5c
#
# JRE version: OpenJDK Runtime Environment (8.0_152-b01) (build 1.8.0_152-release-915-b01)
# Java VM: OpenJDK 64-Bit Server VM (25.152-b01 mixed mode windows-amd64 compressed oops)
# Failed to write core dump. Minidumps are not enabled by default on client versions of Windows
#

---------------  T H R E A D  ---------------

Current thread (0x0000000016d9f800):  JavaThread "C2 CompilerThread2" daemon [_thread_in_native, id=118108, stack(0x0000000017720000,0x0000000017820000)]

Stack: [0x0000000017720000,0x0000000017820000]
[error occurred during error reporting (printing stack bounds), id 0xc0000005]

Native frames: (J=compiled Java code, j=interpreted, Vv=VM code, C=native code)


Current CompileTask:
C2:   3537  727       4       org.objectweb.asm.ClassWriter::a (49 bytes)


---------------  P R O C E S S  ---------------

Java Threads: ( => current thread )
  0x0000000016dc8800 JavaThread "Service Thread" daemon [_thread_blocked, id=115728, stack(0x0000000017920000,0x0000000017a20000)]
  0x0000000016da3000 JavaThread "C1 CompilerThread3" daemon [_thread_in_native, id=118140, stack(0x0000000017820000,0x0000000017920000)]
=>0x0000000016d9f800 JavaThread "C2 CompilerThread2" daemon [_thread_in_native, id=118108, stack(0x0000000017720000,0x0000000017820000)]
  0x0000000016d9b800 JavaThread "C2 CompilerThread1" daemon [_thread_in_native, id=113812, stack(0x0000000017620000,0x0000000017720000)]
  0x0000000016d53800 JavaThread "C2 CompilerThread0" daemon [_thread_in_native, id=118120, stack(0x0000000017520000,0x0000000017620000)]
  0x0000000016d51800 JavaThread "Attach Listener" daemon [_thread_blocked, id=119244, stack(0x0000000017420000,0x0000000017520000)]
  0x0000000016d50000 JavaThread "Signal Dispatcher" daemon [_thread_blocked, id=117740, stack(0x0000000017320000,0x0000000017420000)]
  0x0000000016d41000 JavaThread "Finalizer" daemon [_thread_blocked, id=119716, stack(0x0000000017120000,0x0000000017220000)]
  0x0000000014e5b800 JavaThread "Reference Handler" daemon [_thread_blocked, id=78060, stack(0x0000000016c20000,0x0000000016d20000)]
  0x00000000045b4000 JavaThread "main" [_thread_in_Java, id=118252, stack(0x00000000044b0000,0x00000000045b0000)]

Other Threads:
  0x0000000014e57800 VMThread [stack: 0x0000000016b20000,0x0000000016c20000] [id=119924]
  0x0000000016dce000 WatcherThread [stack: 0x0000000017a20000,0x0000000017b20000] [id=117216]

VM state:not at safepoint (normal execution)

VM Mutex/Monitor currently owned by a thread: None

Heap:
 PSYoungGen      total 18944K, used 15590K [0x00000000feb00000, 0x0000000100000000, 0x0000000100000000)
  eden space 16384K, 79% used [0x00000000feb00000,0x00000000ff7c19f0,0x00000000ffb00000)
  from space 2560K, 98% used [0x00000000ffb00000,0x00000000ffd78030,0x00000000ffd80000)
  to   space 2560K, 0% used [0x00000000ffd80000,0x00000000ffd80000,0x0000000100000000)
 ParOldGen       total 44032K, used 1742K [0x00000000fc000000, 0x00000000feb00000, 0x00000000feb00000)
  object space 44032K, 3% used [0x00000000fc000000,0x00000000fc1b3b90,0x00000000feb00000)
 Metaspace       used 7348K, capacity 7576K, committed 7680K, reserved 1056768K
  class space    used 868K, capacity 956K, committed 1024K, reserved 1048576K

Card table byte_map: [0x0000000004300000,0x0000000004330000] byte_map_base: 0x0000000003b20000

Marking Bits: (ParMarkBitMap*) 0x000000005ba93950
 Begin Bits: [0x0000000014270000, 0x0000000014370000)
 End Bits:   [0x0000000014370000, 0x0000000014470000)

Polling page: 0x00000000029d0000

CodeCache: size=245760Kb used=2822Kb max_used=2840Kb free=242937Kb
 bounds [0x00000000046b0000, 0x0000000004980000, 0x00000000136b0000]
 total_blobs=1045 nmethods=714 adapters=245
 compilation: enabled

Compilation events (10 events):
Event: 3.502 Thread 0x0000000016da3000  707       3       org.objectweb.asm.ClassReader::a (3587 bytes)
Event: 3.506 Thread 0x0000000016d9f800  713       4       org.objectweb.asm.ClassReader::readUTF8 (60 bytes)
Event: 3.517 Thread 0x0000000016d9b800  714       4       org.objectweb.asm.ClassReader::readInt (52 bytes)
Event: 3.519 Thread 0x0000000016d9b800 nmethod 714 0x000000000493f950 code [0x000000000493fa80, 0x000000000493fb78]
Event: 3.524 Thread 0x0000000016d53800  721       4       org.objectweb.asm.ClassReader::a (194 bytes)
Event: 3.525 Thread 0x0000000016d9b800  722       4       org.objectweb.asm.ByteVector::putShort (52 bytes)
Event: 3.527 Thread 0x0000000016d9b800 nmethod 722 0x000000000494c250 code [0x000000000494c3a0, 0x000000000494c508]
Event: 3.527 Thread 0x0000000016d9b800  723       4       org.objectweb.asm.ByteVector::putUTF8 (142 bytes)
Event: 3.527 Thread 0x0000000016d9f800 nmethod 713 0x00000000049463d0 code [0x0000000004946540, 0x0000000004946df8]
Event: 3.533 Thread 0x0000000016d9f800  727       4       org.objectweb.asm.ClassWriter::a (49 bytes)

GC Heap History (2 events):
Event: 2.229 GC heap before
{Heap before GC invocations=1 (full 0):
 PSYoungGen      total 18944K, used 16384K [0x00000000feb00000, 0x0000000100000000, 0x0000000100000000)
  eden space 16384K, 100% used [0x00000000feb00000,0x00000000ffb00000,0x00000000ffb00000)
  from space 2560K, 0% used [0x00000000ffd80000,0x00000000ffd80000,0x0000000100000000)
  to   space 2560K, 0% used [0x00000000ffb00000,0x00000000ffb00000,0x00000000ffd80000)
 ParOldGen       total 44032K, used 0K [0x00000000fc000000, 0x00000000feb00000, 0x00000000feb00000)
  object space 44032K, 0% used [0x00000000fc000000,0x00000000fc000000,0x00000000feb00000)
 Metaspace       used 6489K, capacity 6666K, committed 6784K, reserved 1056768K
  class space    used 768K, capacity 823K, committed 896K, reserved 1048576K
Event: 2.254 GC heap after
Heap after GC invocations=1 (full 0):
 PSYoungGen      total 18944K, used 2528K [0x00000000feb00000, 0x0000000100000000, 0x0000000100000000)
  eden space 16384K, 0% used [0x00000000feb00000,0x00000000feb00000,0x00000000ffb00000)
  from space 2560K, 98% used [0x00000000ffb00000,0x00000000ffd78030,0x00000000ffd80000)
  to   space 2560K, 0% used [0x00000000ffd80000,0x00000000ffd80000,0x0000000100000000)
 ParOldGen       total 44032K, used 1742K [0x00000000fc000000, 0x00000000feb00000, 0x00000000feb00000)
  object space 44032K, 3% used [0x00000000fc000000,0x00000000fc1b3b90,0x00000000feb00000)
 Metaspace       used 6489K, capacity 6666K, committed 6784K, reserved 1056768K
  class space    used 768K, capacity 823K, committed 896K, reserved 1048576K
}

Deoptimization events (10 events):
Event: 2.045 Thread 0x00000000045b4000 Uncommon trap: reason=unstable_if action=reinterpret pc=0x0000000004833878 method=java.lang.String.startsWith(Ljava/lang/String;I)Z @ 25
Event: 2.141 Thread 0x00000000045b4000 Uncommon trap: reason=unstable_if action=reinterpret pc=0x00000000048b62ac method=java.util.zip.ZipFile$ZipEntryIterator.hasNext()Z @ 25
Event: 2.141 Thread 0x00000000045b4000 Uncommon trap: reason=unstable_if action=reinterpret pc=0x00000000048b702c method=java.util.zip.ZipCoder.decoder()Ljava/nio/charset/CharsetDecoder; @ 4
Event: 2.142 Thread 0x00000000045b4000 Uncommon trap: reason=unstable_if action=reinterpret pc=0x00000000048b5dd8 method=java.util.zip.ZipEntry.setExtra0([BZ)V @ 1
Event: 2.148 Thread 0x00000000045b4000 Uncommon trap: reason=unstable_if action=reinterpret pc=0x00000000048c46b8 method=java.util.zip.ZipCoder.decoder()Ljava/nio/charset/CharsetDecoder; @ 4
Event: 2.151 Thread 0x00000000045b4000 Uncommon trap: reason=unstable_if action=reinterpret pc=0x00000000048be81c method=java.util.zip.ZipCoder.decoder()Ljava/nio/charset/CharsetDecoder; @ 4
Event: 2.302 Thread 0x00000000045b4000 Uncommon trap: reason=unstable_if action=reinterpret pc=0x00000000048c7088 method=java.util.zip.ZipCoder.decoder()Ljava/nio/charset/CharsetDecoder; @ 4
Event: 2.303 Thread 0x00000000045b4000 Uncommon trap: reason=unstable_if action=reinterpret pc=0x00000000048b557c method=java.util.zip.ZipCoder.decoder()Ljava/nio/charset/CharsetDecoder; @ 4
Event: 3.191 Thread 0x00000000045b4000 Uncommon trap: reason=unloaded action=reinterpret pc=0x00000000048b44bc method=java.util.zip.ZipEntry.setExtra0([BZ)V @ 37
Event: 3.492 Thread 0x00000000045b4000 Uncommon trap: reason=unstable_if action=reinterpret pc=0x000000000488e7f8 method=java.lang.String.<init>([CII)V @ 18

Classes redefined (0 events):
No events

Internal exceptions (10 events):
Event: 2.303 Thread 0x00000000045b4000 Implicit null exception at 0x00000000048b50f8 to 0x00000000048b5561
Event: 2.992 Thread 0x00000000045b4000 Exception <a 'sun/nio/fs/WindowsException'> (0x00000000ff101788) thrown at [D:\src\AOSP-openjdk-cygwin\jdk8u\hotspot\src\share\vm\prims\jni.cpp, line 709]
Event: 2.992 Thread 0x00000000045b4000 Exception <a 'sun/nio/fs/WindowsException'> (0x00000000ff101d48) thrown at [D:\src\AOSP-openjdk-cygwin\jdk8u\hotspot\src\share\vm\prims\jni.cpp, line 709]
Event: 2.992 Thread 0x00000000045b4000 Exception <a 'sun/nio/fs/WindowsException'> (0x00000000ff1022f8) thrown at [D:\src\AOSP-openjdk-cygwin\jdk8u\hotspot\src\share\vm\prims\jni.cpp, line 709]
Event: 2.992 Thread 0x00000000045b4000 Exception <a 'sun/nio/fs/WindowsException'> (0x00000000ff102ab8) thrown at [D:\src\AOSP-openjdk-cygwin\jdk8u\hotspot\src\share\vm\prims\jni.cpp, line 709]
Event: 2.992 Thread 0x00000000045b4000 Exception <a 'sun/nio/fs/WindowsException'> (0x00000000ff103040) thrown at [D:\src\AOSP-openjdk-cygwin\jdk8u\hotspot\src\share\vm\prims\jni.cpp, line 709]
Event: 2.992 Thread 0x00000000045b4000 Exception <a 'sun/nio/fs/WindowsException'> (0x00000000ff1037e0) thrown at [D:\src\AOSP-openjdk-cygwin\jdk8u\hotspot\src\share\vm\prims\jni.cpp, line 709]
Event: 3.005 Thread 0x00000000045b4000 Exception <a 'sun/nio/fs/WindowsException'> (0x00000000ff108ad0) thrown at [D:\src\AOSP-openjdk-cygwin\jdk8u\hotspot\src\share\vm\prims\jni.cpp, line 709]
Event: 3.269 Thread 0x00000000045b4000 Exception <a 'sun/nio/fs/WindowsException'> (0x00000000ff53bc60) thrown at [D:\src\AOSP-openjdk-cygwin\jdk8u\hotspot\src\share\vm\prims\jni.cpp, line 709]
Event: 3.269 Thread 0x00000000045b4000 Exception <a 'sun/nio/fs/WindowsException'> (0x00000000ff53c200) thrown at [D:\src\AOSP-openjdk-cygwin\jdk8u\hotspot\src\share\vm\prims\jni.cpp, line 709]

Events (10 events):
Event: 3.488 loading class sun/util/calendar/CalendarUtils done
Event: 3.489 loading class java/util/zip/ZipOutputStream$XEntry
Event: 3.489 loading class java/util/zip/ZipOutputStream$XEntry done
Event: 3.492 Thread 0x00000000045b4000 Uncommon trap: trap_request=0xffffff65 fr.pc=0x000000000488e7f8
Event: 3.492 Thread 0x00000000045b4000 DEOPT PACKING pc=0x000000000488e7f8 sp=0x00000000045aee80
Event: 3.492 Thread 0x00000000045b4000 DEOPT UNPACKING pc=0x00000000046f556a sp=0x00000000045aee48 mode 2
Event: 3.500 loading class org/objectweb/asm/tree/TryCatchBlockNode
Event: 3.500 loading class org/objectweb/asm/tree/TryCatchBlockNode done
Event: 3.501 loading class org/objectweb/asm/Handler
Event: 3.501 loading class org/objectweb/asm/Handler done


Dynamic libraries:
0x00007ff62b980000 - 0x00007ff62b9b1000 	F:\Android Studio\jre\bin\java.exe
0x00007ff898080000 - 0x00007ff898260000 	C:\WINDOWS\SYSTEM32\ntdll.dll
0x00007ff8959e0000 - 0x00007ff895a8e000 	C:\WINDOWS\System32\KERNEL32.DLL
0x00007ff894990000 - 0x00007ff894bf6000 	C:\WINDOWS\System32\KERNELBASE.dll
0x00007ff895600000 - 0x00007ff8956a1000 	C:\WINDOWS\System32\ADVAPI32.dll
0x00007ff895560000 - 0x00007ff8955fd000 	C:\WINDOWS\System32\msvcrt.dll
0x00007ff895980000 - 0x00007ff8959db000 	C:\WINDOWS\System32\sechost.dll
0x00007ff896210000 - 0x00007ff89632f000 	C:\WINDOWS\System32\RPCRT4.dll
0x00007ff895780000 - 0x00007ff89590f000 	C:\WINDOWS\System32\USER32.dll
0x00007ff8947a0000 - 0x00007ff8947c0000 	C:\WINDOWS\System32\win32u.dll
0x00007ff8968f0000 - 0x00007ff896918000 	C:\WINDOWS\System32\GDI32.dll
0x00007ff894600000 - 0x00007ff894793000 	C:\WINDOWS\System32\gdi32full.dll
0x00007ff8953b0000 - 0x00007ff89544b000 	C:\WINDOWS\System32\msvcp_win.dll
0x00007ff895450000 - 0x00007ff895546000 	C:\WINDOWS\System32\ucrtbase.dll
0x00007ff88b020000 - 0x00007ff88b289000 	C:\WINDOWS\WinSxS\amd64_microsoft.windows.common-controls_6595b64144ccf1df_6.0.16299.431_none_15c7d3ee93659e73\COMCTL32.dll
0x00007ff895ea0000 - 0x00007ff8961a8000 	C:\WINDOWS\System32\combase.dll
0x00007ff8944d0000 - 0x00007ff894542000 	C:\WINDOWS\System32\bcryptPrimitives.dll
0x00007ff895a90000 - 0x00007ff895abd000 	C:\WINDOWS\System32\IMM32.DLL
0x000000005b1f0000 - 0x000000005b2c2000 	F:\Android Studio\jre\jre\bin\msvcr100.dll
0x000000005b2d0000 - 0x000000005bb0e000 	F:\Android Studio\jre\jre\bin\server\jvm.dll
0x00007ff895970000 - 0x00007ff895978000 	C:\WINDOWS\System32\PSAPI.DLL
0x00007ff891300000 - 0x00007ff891309000 	C:\WINDOWS\SYSTEM32\WSOCK32.dll
0x00007ff890d60000 - 0x00007ff890d83000 	C:\WINDOWS\SYSTEM32\WINMM.dll
0x00007ff895710000 - 0x00007ff89577c000 	C:\WINDOWS\System32\WS2_32.dll
0x00007ff88f240000 - 0x00007ff88f24a000 	C:\WINDOWS\SYSTEM32\VERSION.dll
0x00007ff890ce0000 - 0x00007ff890d0a000 	C:\WINDOWS\SYSTEM32\WINMMBASE.dll
0x00007ff894480000 - 0x00007ff8944ca000 	C:\WINDOWS\System32\cfgmgr32.dll
0x00007ff8912f0000 - 0x00007ff8912ff000 	F:\Android Studio\jre\jre\bin\verify.dll
0x00007ff880a30000 - 0x00007ff880a59000 	F:\Android Studio\jre\jre\bin\java.dll
0x00007ff889df0000 - 0x00007ff889e06000 	F:\Android Studio\jre\jre\bin\zip.dll
0x00007ff896a70000 - 0x00007ff897ea8000 	C:\WINDOWS\System32\SHELL32.dll
0x00007ff895c70000 - 0x00007ff895d16000 	C:\WINDOWS\System32\shcore.dll
0x00007ff894c00000 - 0x00007ff895347000 	C:\WINDOWS\System32\windows.storage.dll
0x00007ff8961b0000 - 0x00007ff896201000 	C:\WINDOWS\System32\shlwapi.dll
0x00007ff894460000 - 0x00007ff894471000 	C:\WINDOWS\System32\kernel.appcore.dll
0x00007ff8943f0000 - 0x00007ff89443c000 	C:\WINDOWS\System32\powrprof.dll
0x00007ff8943d0000 - 0x00007ff8943eb000 	C:\WINDOWS\System32\profapi.dll
0x00007ff893e30000 - 0x00007ff893e47000 	C:\WINDOWS\SYSTEM32\CRYPTSP.dll
0x00007ff893860000 - 0x00007ff893893000 	C:\WINDOWS\system32\rsaenh.dll
0x00007ff893f30000 - 0x00007ff893f55000 	C:\WINDOWS\SYSTEM32\bcrypt.dll
0x00007ff894300000 - 0x00007ff894329000 	C:\WINDOWS\SYSTEM32\USERENV.dll
0x00007ff893e20000 - 0x00007ff893e2b000 	C:\WINDOWS\SYSTEM32\CRYPTBASE.dll
0x00007ff882150000 - 0x00007ff88216a000 	F:\Android Studio\jre\jre\bin\net.dll
0x00007ff893c60000 - 0x00007ff893cc6000 	C:\WINDOWS\system32\mswsock.dll
0x00007ff8939f0000 - 0x00007ff893a29000 	C:\WINDOWS\SYSTEM32\IPHLPAPI.DLL
0x00007ff895e90000 - 0x00007ff895e98000 	C:\WINDOWS\System32\NSI.dll
0x00007ff88feb0000 - 0x00007ff88fec6000 	C:\WINDOWS\SYSTEM32\dhcpcsvc6.DLL
0x00007ff88fe40000 - 0x00007ff88fe5a000 	C:\WINDOWS\SYSTEM32\dhcpcsvc.DLL
0x00007ff880a10000 - 0x00007ff880a21000 	F:\Android Studio\jre\jre\bin\nio.dll

VM Arguments:
jvm_args: -Djava.awt.headless=true -Xmx64M -Dfile.encoding=windows-1251 -Duser.country=RU -Duser.language=ru -Duser.variant 
java_command: com.google.devtools.build.android.desugar.Desugar --input D:\MyDocuments\garbage\AndroidStuff\ltech\app\build\intermediates\transforms\stackFramesFixer\debug\24.jar --output D:\MyDocuments\garbage\AndroidStuff\ltech\app\build\intermediates\transforms\desugar\debug\25.jar --input D:\MyDocuments\garbage\AndroidStuff\ltech\app\build\intermediates\transforms\stackFramesFixer\debug\31.jar --output D:\MyDocuments\garbage\AndroidStuff\ltech\app\build\intermediates\transforms\desugar\debug\32.jar --input D:\MyDocuments\garbage\AndroidStuff\ltech\app\build\intermediates\transforms\stackFramesFixer\debug\32.jar --output D:\MyDocuments\garbage\AndroidStuff\ltech\app\build\intermediates\transforms\desugar\debug\33.jar --input D:\MyDocuments\garbage\AndroidStuff\ltech\app\build\intermediates\transforms\stackFramesFixer\debug\7.jar --output D:\MyDocuments\garbage\AndroidStuff\ltech\app\build\intermediates\transforms\desugar\debug\8.jar --input D:\MyDocuments\garbage\AndroidStuff\ltech\app\build\intermediates\transforms\stackFramesFixer\debug\6.jar --output D:\MyDocuments\garbage\AndroidStuff\ltech\app\build\intermediates\transforms\desugar\debug\7.jar --classpath_entry D:\MyDocuments\garbage\AndroidStuff\ltech\app\build\intermediates\classes\debug --classpath_entry D:\MyDocuments\garbage\AndroidStuff\ltech\app\build\intermediates\transforms\stackFramesFixer\debug\0.jar --classpath_entry D:\MyDocuments\garbage\AndroidStuff\ltech\app\build\intermediates\transforms\stackFramesFixer\debug\1.jar --classpath_entry D:\MyDocuments\garbage\AndroidStuff\ltech\app\build\intermediates\transforms\stackFramesFixer\debug\2.jar --classpath_entry D:\MyDocuments\garbage\AndroidStuff\ltech\app\build\intermediates\transforms\stackFramesFixer\debug\3.jar --classpath_entry D:\MyDocuments\garbage\AndroidStuff\ltech\app\build\intermediates\transforms\stackFramesFixer\debug\4.jar --classpath_entry D:\MyDocuments\garbage\AndroidStuff\ltech\app\build\intermediates\transforms\stackFramesFixe
java_class_path (initial): C:\Users\S\AppData\Local\Temp\desugar_deploy.jar2302677251782403841
Launcher Type: SUN_STANDARD

Environment Variables:
JAVA_HOME=c:\Java\jdk1.8.0_102\
PATH=C:\nodejs\;C:\Program Files (x86)\PC Connectivity Solution\;C:\ProgramData\Oracle\Java\javapath;C:\Program Files (x86)\Intel\iCLS Client\;C:\Program Files\Intel\iCLS Client\;C:\Windows\system32;C:\Windows;C:\Windows\System32\Wbem;C:\Windows\System32\WindowsPowerShell\v1.0\;C:\Program Files (x86)\Windows Live\Shared;C:\Program Files\Intel\Intel(R) Management Engine Components\DAL;C:\Program Files\Intel\Intel(R) Management Engine Components\IPT;C:\Program Files (x86)\Intel\Intel(R) Management Engine Components\DAL;C:\Program Files (x86)\Intel\Intel(R) Management Engine Components\IPT;C:\Program Files (x86)\QuickTime\QTSystem\;C:\Program Files\OpenVPN\bin;d:\MyDocuments\garbage\asdk\ndk\;d:\MyDocuments\garbage\asdk\tools\;d:\MyDocuments\garbage\asdk\apache-ant-1.9.6\bin\;C:\WINDOWS\system32;C:\WINDOWS;C:\WINDOWS\System32\Wbem;C:\WINDOWS\System32\WindowsPowerShell\v1.0\;C:\Users\S\Deployd\bin;C:\Program Files (x86)\Windows Kits\8.1\Windows Performance Toolkit\;c:\openssl-0.9.8k_X64\bin\;C:\Program Files (x86)\Skype\Phone\;C:\Program Files (x86)\NVIDIA Corporation\PhysX\Common;C:\WINDOWS\system32;C:\WINDOWS;C:\WINDOWS\System32\Wbem;C:\WINDOWS\System32\WindowsPowerShell\v1.0\;C:\Program Files\TortoiseSVN\bin;C:\Program Files\dotnet\;C:\Program Files\Microsoft SQL Server\130\Tools\Binn\;C:\nodejs\;C:\Users\S\AppData\Local\Microsoft\WindowsApps;C:\Users\S\AppData\Roaming\npm;C:\Program Files (x86)\Microsoft VS Code\bin;
USERNAME=S
OS=Windows_NT
PROCESSOR_IDENTIFIER=Intel64 Family 6 Model 60 Stepping 3, GenuineIntel



---------------  S Y S T E M  ---------------

OS: Windows 10.0 , 64 bit Build 16299 (10.0.16299.431)

CPU:total 8 (initial active 8) (4 cores per cpu, 2 threads per core) family 6 model 60 stepping 3, cmov, cx8, fxsr, mmx, sse, sse2, sse3, ssse3, sse4.1, sse4.2, popcnt, avx, avx2, aes, clmul, erms, lzcnt, ht, tsc, tscinvbit, bmi1, bmi2

Memory: 4k page, physical 8305848k(146408k free), swap 16694456k(24k free)

vm_info: OpenJDK 64-Bit Server VM (25.152-b01) for windows-amd64 JRE (1.8.0_152-release-915-b01), built by "builder" with MS VC++ 10.0 (VS2010)

time: Fri Jun 01 11:57:45 2018
elapsed time: 3 seconds (0d 0h 0m 3s)

