#
# There is insufficient memory for the Java Runtime Environment to continue.
# Native memory allocation (malloc) failed to allocate 1048576 bytes for AllocateHeap
# Possible reasons:
#   The system is out of physical RAM or swap space
#   In 32 bit mode, the process size limit was hit
# Possible solutions:
#   Reduce memory load on the system
#   Increase physical memory or swap space
#   Check if swap backing store is full
#   Use 64 bit Java on a 64 bit OS
#   Decrease Java heap size (-Xmx/-Xms)
#   Decrease number of Java threads
#   Decrease Java thread stack sizes (-Xss)
#   Set larger code cache with -XX:ReservedCodeCacheSize=
# This output file may be truncated or incomplete.
#
#  Out of Memory Error (memory/allocation.inline.hpp:61), pid=120080, tid=0x000000000001cce4
#
# JRE version:  (8.0_152-b01) (build )
# Java VM: OpenJDK 64-Bit Server VM (25.152-b01 mixed mode windows-amd64 compressed oops)
# Failed to write core dump. Minidumps are not enabled by default on client versions of Windows
#

---------------  T H R E A D  ---------------

Current thread (0x0000000004624000):  JavaThread "Unknown thread" [_thread_in_vm, id=117988, stack(0x0000000004440000,0x0000000004540000)]

Stack: [0x0000000004440000,0x0000000004540000]
[error occurred during error reporting (printing stack bounds), id 0xc0000005]

Native frames: (J=compiled Java code, j=interpreted, Vv=VM code, C=native code)


---------------  P R O C E S S  ---------------

Java Threads: ( => current thread )

Other Threads:

=>0x0000000004624000 (exited) JavaThread "Unknown thread" [_thread_in_vm, id=117988, stack(0x0000000004440000,0x0000000004540000)]

VM state:not at safepoint (normal execution)

VM Mutex/Monitor currently owned by a thread: None

Heap:
 PSYoungGen      total 18944K, used 327K [0x00000000feb00000, 0x0000000100000000, 0x0000000100000000)
  eden space 16384K, 2% used [0x00000000feb00000,0x00000000feb51ec8,0x00000000ffb00000)
  from space 2560K, 0% used [0x00000000ffd80000,0x00000000ffd80000,0x0000000100000000)
  to   space 2560K, 0% used [0x00000000ffb00000,0x00000000ffb00000,0x00000000ffd80000)
 ParOldGen       total 44032K, used 0K [0x00000000fc000000, 0x00000000feb00000, 0x00000000feb00000)
  object space 44032K, 0% used [0x00000000fc000000,0x00000000fc000000,0x00000000feb00000)
 Metaspace       used 772K, capacity 4480K, committed 4480K, reserved 1056768K
  class space    used 73K, capacity 384K, committed 384K, reserved 1048576K

Card table byte_map: [0x00000000043e0000,0x0000000004410000] byte_map_base: 0x0000000003c00000

Marking Bits: (ParMarkBitMap*) 0x000000005ba93950
 Begin Bits: [0x00000000142e0000, 0x00000000143e0000)
 End Bits:   [0x00000000143e0000, 0x00000000144e0000)

Polling page: 0x0000000002a40000

CodeCache: size=245760Kb used=328Kb max_used=328Kb free=245431Kb
 bounds [0x0000000004720000, 0x0000000004990000, 0x0000000013720000]
 total_blobs=57 nmethods=0 adapters=38
 compilation: enabled

Compilation events (0 events):
No events

GC Heap History (0 events):
No events

Deoptimization events (0 events):
No events

Classes redefined (0 events):
No events

Internal exceptions (0 events):
No events

Events (10 events):
Event: 0.067 loading class java/lang/Short
Event: 0.067 loading class java/lang/Short done
Event: 0.067 loading class java/lang/Integer
Event: 0.067 loading class java/lang/Integer done
Event: 0.067 loading class java/lang/Long
Event: 0.068 loading class java/lang/Long done
Event: 0.087 loading class java/lang/NullPointerException
Event: 0.087 loading class java/lang/NullPointerException done
Event: 0.087 loading class java/lang/ArithmeticException
Event: 0.087 loading class java/lang/ArithmeticException done


Dynamic libraries:
0x00007ff62b980000 - 0x00007ff62b9b1000 	F:\Android Studio\jre\bin\java.exe
0x00007ff898080000 - 0x00007ff898260000 	C:\WINDOWS\SYSTEM32\ntdll.dll
0x00007ff8959e0000 - 0x00007ff895a8e000 	C:\WINDOWS\System32\KERNEL32.DLL
0x00007ff894990000 - 0x00007ff894bf6000 	C:\WINDOWS\System32\KERNELBASE.dll
0x00007ff895600000 - 0x00007ff8956a1000 	C:\WINDOWS\System32\ADVAPI32.dll
0x00007ff895560000 - 0x00007ff8955fd000 	C:\WINDOWS\System32\msvcrt.dll
0x00007ff895980000 - 0x00007ff8959db000 	C:\WINDOWS\System32\sechost.dll
0x00007ff896210000 - 0x00007ff89632f000 	C:\WINDOWS\System32\RPCRT4.dll
0x00007ff895780000 - 0x00007ff89590f000 	C:\WINDOWS\System32\USER32.dll
0x00007ff8947a0000 - 0x00007ff8947c0000 	C:\WINDOWS\System32\win32u.dll
0x00007ff8968f0000 - 0x00007ff896918000 	C:\WINDOWS\System32\GDI32.dll
0x00007ff894600000 - 0x00007ff894793000 	C:\WINDOWS\System32\gdi32full.dll
0x00007ff8953b0000 - 0x00007ff89544b000 	C:\WINDOWS\System32\msvcp_win.dll
0x00007ff895450000 - 0x00007ff895546000 	C:\WINDOWS\System32\ucrtbase.dll
0x00007ff88b020000 - 0x00007ff88b289000 	C:\WINDOWS\WinSxS\amd64_microsoft.windows.common-controls_6595b64144ccf1df_6.0.16299.431_none_15c7d3ee93659e73\COMCTL32.dll
0x00007ff895ea0000 - 0x00007ff8961a8000 	C:\WINDOWS\System32\combase.dll
0x00007ff8944d0000 - 0x00007ff894542000 	C:\WINDOWS\System32\bcryptPrimitives.dll
0x00007ff895a90000 - 0x00007ff895abd000 	C:\WINDOWS\System32\IMM32.DLL
0x000000005b1f0000 - 0x000000005b2c2000 	F:\Android Studio\jre\jre\bin\msvcr100.dll
0x000000005b2d0000 - 0x000000005bb0e000 	F:\Android Studio\jre\jre\bin\server\jvm.dll
0x00007ff895970000 - 0x00007ff895978000 	C:\WINDOWS\System32\PSAPI.DLL
0x00007ff88f240000 - 0x00007ff88f24a000 	C:\WINDOWS\SYSTEM32\VERSION.dll
0x00007ff890d60000 - 0x00007ff890d83000 	C:\WINDOWS\SYSTEM32\WINMM.dll
0x00007ff891300000 - 0x00007ff891309000 	C:\WINDOWS\SYSTEM32\WSOCK32.dll
0x00007ff895710000 - 0x00007ff89577c000 	C:\WINDOWS\System32\WS2_32.dll
0x00007ff890ce0000 - 0x00007ff890d0a000 	C:\WINDOWS\SYSTEM32\WINMMBASE.dll
0x00007ff894480000 - 0x00007ff8944ca000 	C:\WINDOWS\System32\cfgmgr32.dll
0x00007ff8912f0000 - 0x00007ff8912ff000 	F:\Android Studio\jre\jre\bin\verify.dll
0x00007ff880a30000 - 0x00007ff880a59000 	F:\Android Studio\jre\jre\bin\java.dll
0x00007ff889df0000 - 0x00007ff889e06000 	F:\Android Studio\jre\jre\bin\zip.dll

VM Arguments:
jvm_args: -Djava.awt.headless=true -Xmx64M -Dfile.encoding=windows-1251 -Duser.country=RU -Duser.language=ru -Duser.variant 
java_command: com.google.devtools.build.android.desugar.Desugar --input D:\MyDocuments\garbage\AndroidStuff\ltech\app\build\intermediates\transforms\stackFramesFixer\debug\22.jar --output D:\MyDocuments\garbage\AndroidStuff\ltech\app\build\intermediates\transforms\desugar\debug\23.jar --input D:\MyDocuments\garbage\AndroidStuff\ltech\app\build\intermediates\transforms\stackFramesFixer\debug\4.jar --output D:\MyDocuments\garbage\AndroidStuff\ltech\app\build\intermediates\transforms\desugar\debug\5.jar --input D:\MyDocuments\garbage\AndroidStuff\ltech\app\build\intermediates\transforms\stackFramesFixer\debug\28.jar --output D:\MyDocuments\garbage\AndroidStuff\ltech\app\build\intermediates\transforms\desugar\debug\29.jar --input D:\MyDocuments\garbage\AndroidStuff\ltech\app\build\intermediates\transforms\stackFramesFixer\debug\12.jar --output D:\MyDocuments\garbage\AndroidStuff\ltech\app\build\intermediates\transforms\desugar\debug\13.jar --input D:\MyDocuments\garbage\AndroidStuff\ltech\app\build\intermediates\transforms\stackFramesFixer\debug\27.jar --output D:\MyDocuments\garbage\AndroidStuff\ltech\app\build\intermediates\transforms\desugar\debug\28.jar --classpath_entry D:\MyDocuments\garbage\AndroidStuff\ltech\app\build\intermediates\classes\debug --classpath_entry D:\MyDocuments\garbage\AndroidStuff\ltech\app\build\intermediates\transforms\stackFramesFixer\debug\0.jar --classpath_entry D:\MyDocuments\garbage\AndroidStuff\ltech\app\build\intermediates\transforms\stackFramesFixer\debug\1.jar --classpath_entry D:\MyDocuments\garbage\AndroidStuff\ltech\app\build\intermediates\transforms\stackFramesFixer\debug\2.jar --classpath_entry D:\MyDocuments\garbage\AndroidStuff\ltech\app\build\intermediates\transforms\stackFramesFixer\debug\3.jar --classpath_entry D:\MyDocuments\garbage\AndroidStuff\ltech\app\build\intermediates\transforms\stackFramesFixer\debug\4.jar --classpath_entry D:\MyDocuments\garbage\AndroidStuff\ltech\app\build\intermediates\transforms\stackFramesFi
java_class_path (initial): C:\Users\S\AppData\Local\Temp\desugar_deploy.jar2302677251782403841
Launcher Type: SUN_STANDARD

Environment Variables:
JAVA_HOME=c:\Java\jdk1.8.0_102\
PATH=C:\nodejs\;C:\Program Files (x86)\PC Connectivity Solution\;C:\ProgramData\Oracle\Java\javapath;C:\Program Files (x86)\Intel\iCLS Client\;C:\Program Files\Intel\iCLS Client\;C:\Windows\system32;C:\Windows;C:\Windows\System32\Wbem;C:\Windows\System32\WindowsPowerShell\v1.0\;C:\Program Files (x86)\Windows Live\Shared;C:\Program Files\Intel\Intel(R) Management Engine Components\DAL;C:\Program Files\Intel\Intel(R) Management Engine Components\IPT;C:\Program Files (x86)\Intel\Intel(R) Management Engine Components\DAL;C:\Program Files (x86)\Intel\Intel(R) Management Engine Components\IPT;C:\Program Files (x86)\QuickTime\QTSystem\;C:\Program Files\OpenVPN\bin;d:\MyDocuments\garbage\asdk\ndk\;d:\MyDocuments\garbage\asdk\tools\;d:\MyDocuments\garbage\asdk\apache-ant-1.9.6\bin\;C:\WINDOWS\system32;C:\WINDOWS;C:\WINDOWS\System32\Wbem;C:\WINDOWS\System32\WindowsPowerShell\v1.0\;C:\Users\S\Deployd\bin;C:\Program Files (x86)\Windows Kits\8.1\Windows Performance Toolkit\;c:\openssl-0.9.8k_X64\bin\;C:\Program Files (x86)\Skype\Phone\;C:\Program Files (x86)\NVIDIA Corporation\PhysX\Common;C:\WINDOWS\system32;C:\WINDOWS;C:\WINDOWS\System32\Wbem;C:\WINDOWS\System32\WindowsPowerShell\v1.0\;C:\Program Files\TortoiseSVN\bin;C:\Program Files\dotnet\;C:\Program Files\Microsoft SQL Server\130\Tools\Binn\;C:\nodejs\;C:\Users\S\AppData\Local\Microsoft\WindowsApps;C:\Users\S\AppData\Roaming\npm;C:\Program Files (x86)\Microsoft VS Code\bin;
USERNAME=S
OS=Windows_NT
PROCESSOR_IDENTIFIER=Intel64 Family 6 Model 60 Stepping 3, GenuineIntel



---------------  S Y S T E M  ---------------

OS: Windows 10.0 , 64 bit Build 16299 (10.0.16299.431)

CPU:total 8 (initial active 8) (4 cores per cpu, 2 threads per core) family 6 model 60 stepping 3, cmov, cx8, fxsr, mmx, sse, sse2, sse3, ssse3, sse4.1, sse4.2, popcnt, avx, avx2, aes, clmul, erms, lzcnt, ht, tsc, tscinvbit, bmi1, bmi2

Memory: 4k page, physical 8305848k(308592k free), swap 16694456k(6072k free)

vm_info: OpenJDK 64-Bit Server VM (25.152-b01) for windows-amd64 JRE (1.8.0_152-release-915-b01), built by "builder" with MS VC++ 10.0 (VS2010)

time: Fri Jun 01 11:57:42 2018
elapsed time: 0 seconds (0d 0h 0m 0s)

