#
# There is insufficient memory for the Java Runtime Environment to continue.
# Native memory allocation (malloc) failed to allocate 141296 bytes for Chunk::new
# Possible reasons:
#   The system is out of physical RAM or swap space
#   In 32 bit mode, the process size limit was hit
# Possible solutions:
#   Reduce memory load on the system
#   Increase physical memory or swap space
#   Check if swap backing store is full
#   Use 64 bit Java on a 64 bit OS
#   Decrease Java heap size (-Xmx/-Xms)
#   Decrease number of Java threads
#   Decrease Java thread stack sizes (-Xss)
#   Set larger code cache with -XX:ReservedCodeCacheSize=
# This output file may be truncated or incomplete.
#
#  Out of Memory Error (allocation.cpp:390), pid=125904, tid=0x000000000001cf38
#
# JRE version: OpenJDK Runtime Environment (8.0_152-b01) (build 1.8.0_152-release-915-b01)
# Java VM: OpenJDK 64-Bit Server VM (25.152-b01 mixed mode windows-amd64 compressed oops)
# Failed to write core dump. Minidumps are not enabled by default on client versions of Windows
#

---------------  T H R E A D  ---------------

Current thread (0x0000000017467000):  JavaThread "C2 CompilerThread1" daemon [_thread_in_native, id=118584, stack(0x0000000017d30000,0x0000000017e30000)]

Stack: [0x0000000017d30000,0x0000000017e30000]
[error occurred during error reporting (printing stack bounds), id 0xc0000005]

Native frames: (J=compiled Java code, j=interpreted, Vv=VM code, C=native code)


Current CompileTask:
C2:   1502  497       4       com.google.common.collect.TransformedIterator::next (14 bytes)


---------------  P R O C E S S  ---------------

Java Threads: ( => current thread )
  0x00000000174fe800 JavaThread "Service Thread" daemon [_thread_blocked, id=124668, stack(0x0000000018030000,0x0000000018130000)]
  0x00000000174a7000 JavaThread "C1 CompilerThread3" daemon [_thread_blocked, id=128388, stack(0x0000000017f30000,0x0000000018030000)]
  0x0000000017485800 JavaThread "C2 CompilerThread2" daemon [_thread_in_native, id=128392, stack(0x0000000017e30000,0x0000000017f30000)]
=>0x0000000017467000 JavaThread "C2 CompilerThread1" daemon [_thread_in_native, id=118584, stack(0x0000000017d30000,0x0000000017e30000)]
  0x0000000017463800 JavaThread "C2 CompilerThread0" daemon [_thread_in_native, id=128072, stack(0x0000000017c30000,0x0000000017d30000)]
  0x0000000017462000 JavaThread "Attach Listener" daemon [_thread_blocked, id=124804, stack(0x0000000017b30000,0x0000000017c30000)]
  0x0000000017461000 JavaThread "Signal Dispatcher" daemon [_thread_blocked, id=125780, stack(0x0000000017a30000,0x0000000017b30000)]
  0x0000000017450800 JavaThread "Finalizer" daemon [_thread_blocked, id=128344, stack(0x0000000017830000,0x0000000017930000)]
  0x0000000004da9000 JavaThread "Reference Handler" daemon [_thread_blocked, id=128676, stack(0x0000000017330000,0x0000000017430000)]
  0x0000000004cb4000 JavaThread "main" [_thread_in_native, id=32116, stack(0x0000000004ad0000,0x0000000004bd0000)]

Other Threads:
  0x0000000015557000 VMThread [stack: 0x0000000017230000,0x0000000017330000] [id=125404]
  0x00000000174ff800 WatcherThread [stack: 0x0000000018130000,0x0000000018230000] [id=123428]

VM state:not at safepoint (normal execution)

VM Mutex/Monitor currently owned by a thread: None

Heap:
 PSYoungGen      total 18944K, used 11200K [0x00000000feb00000, 0x0000000100000000, 0x0000000100000000)
  eden space 16384K, 68% used [0x00000000feb00000,0x00000000ff5f0348,0x00000000ffb00000)
  from space 2560K, 0% used [0x00000000ffd80000,0x00000000ffd80000,0x0000000100000000)
  to   space 2560K, 0% used [0x00000000ffb00000,0x00000000ffb00000,0x00000000ffd80000)
 ParOldGen       total 44032K, used 0K [0x00000000fc000000, 0x00000000feb00000, 0x00000000feb00000)
  object space 44032K, 0% used [0x00000000fc000000,0x00000000fc000000,0x00000000feb00000)
 Metaspace       used 6498K, capacity 6670K, committed 6784K, reserved 1056768K
  class space    used 768K, capacity 823K, committed 896K, reserved 1048576K

Card table byte_map: [0x00000000032c0000,0x00000000032f0000] byte_map_base: 0x0000000002ae0000

Marking Bits: (ParMarkBitMap*) 0x0000000052e73950
 Begin Bits: [0x0000000014970000, 0x0000000014a70000)
 End Bits:   [0x0000000014a70000, 0x0000000014b70000)

Polling page: 0x0000000002e80000

CodeCache: size=245760Kb used=2100Kb max_used=2100Kb free=243659Kb
 bounds [0x0000000004db0000, 0x0000000005020000, 0x0000000013db0000]
 total_blobs=819 nmethods=496 adapters=234
 compilation: enabled

Compilation events (10 events):
Event: 1.472 Thread 0x0000000017463800  494       4       java.util.zip.ZipCoder::toString (190 bytes)
Event: 1.476 Thread 0x0000000017467000  496       4       java.util.zip.ZipEntry::setExtra0 (360 bytes)
Event: 1.477 Thread 0x0000000017467000 nmethod 496 0x0000000004fb4890 code [0x0000000004fb49c0, 0x0000000004fb4a38]
Event: 1.477 Thread 0x0000000017467000  495       4       com.google.common.collect.TransformedIterator::hasNext (10 bytes)
Event: 1.481 Thread 0x0000000017467000 nmethod 495 0x0000000004fb8e50 code [0x0000000004fb8fa0, 0x0000000004fb92d8]
Event: 1.482 Thread 0x0000000017463800 nmethod 494 0x0000000004fb8390 code [0x0000000004fb8500, 0x0000000004fb8a08]
Event: 1.482 Thread 0x0000000017467000  497       4       com.google.common.collect.TransformedIterator::next (14 bytes)
Event: 1.482 Thread 0x0000000017463800  498       4       com.google.common.collect.Iterators$12::next (10 bytes)
Event: 1.483 Thread 0x0000000017485800 nmethod 492 0x0000000004fb9a10 code [0x0000000004fb9c20, 0x0000000004fba440]
Event: 1.483 Thread 0x0000000017485800  499       4       java.util.zip.ZipFile$ZipEntryIterator::nextElement (5 bytes)

GC Heap History (0 events):
No events

Deoptimization events (2 events):
Event: 0.994 Thread 0x0000000004cb4000 Uncommon trap: reason=range_check action=make_not_entrant pc=0x0000000004f0c4a0 method=sun.reflect.generics.parser.SignatureParser.current()C @ 34
Event: 1.344 Thread 0x0000000004cb4000 Uncommon trap: reason=unstable_if action=reinterpret pc=0x0000000004f43038 method=java.lang.String.startsWith(Ljava/lang/String;I)Z @ 25

Classes redefined (0 events):
No events

Internal exceptions (10 events):
Event: 1.242 Thread 0x0000000004cb4000 Exception <a 'sun/nio/fs/WindowsException'> (0x00000000ff23b038) thrown at [D:\src\AOSP-openjdk-cygwin\jdk8u\hotspot\src\share\vm\prims\jni.cpp, line 709]
Event: 1.242 Thread 0x0000000004cb4000 Exception <a 'sun/nio/fs/WindowsException'> (0x00000000ff23b6a0) thrown at [D:\src\AOSP-openjdk-cygwin\jdk8u\hotspot\src\share\vm\prims\jni.cpp, line 709]
Event: 1.242 Thread 0x0000000004cb4000 Exception <a 'sun/nio/fs/WindowsException'> (0x00000000ff23be90) thrown at [D:\src\AOSP-openjdk-cygwin\jdk8u\hotspot\src\share\vm\prims\jni.cpp, line 709]
Event: 1.242 Thread 0x0000000004cb4000 Exception <a 'sun/nio/fs/WindowsException'> (0x00000000ff23c4b0) thrown at [D:\src\AOSP-openjdk-cygwin\jdk8u\hotspot\src\share\vm\prims\jni.cpp, line 709]
Event: 1.242 Thread 0x0000000004cb4000 Exception <a 'sun/nio/fs/WindowsException'> (0x00000000ff23cc80) thrown at [D:\src\AOSP-openjdk-cygwin\jdk8u\hotspot\src\share\vm\prims\jni.cpp, line 709]
Event: 1.242 Thread 0x0000000004cb4000 Exception <a 'sun/nio/fs/WindowsException'> (0x00000000ff23d248) thrown at [D:\src\AOSP-openjdk-cygwin\jdk8u\hotspot\src\share\vm\prims\jni.cpp, line 709]
Event: 1.243 Thread 0x0000000004cb4000 Exception <a 'sun/nio/fs/WindowsException'> (0x00000000ff23d9f8) thrown at [D:\src\AOSP-openjdk-cygwin\jdk8u\hotspot\src\share\vm\prims\jni.cpp, line 709]
Event: 1.243 Thread 0x0000000004cb4000 Exception <a 'sun/nio/fs/WindowsException'> (0x00000000ff23df78) thrown at [D:\src\AOSP-openjdk-cygwin\jdk8u\hotspot\src\share\vm\prims\jni.cpp, line 709]
Event: 1.243 Thread 0x0000000004cb4000 Exception <a 'sun/nio/fs/WindowsException'> (0x00000000ff23e718) thrown at [D:\src\AOSP-openjdk-cygwin\jdk8u\hotspot\src\share\vm\prims\jni.cpp, line 709]
Event: 1.303 Thread 0x0000000004cb4000 Exception <a 'sun/nio/fs/WindowsException'> (0x00000000ff26aff8) thrown at [D:\src\AOSP-openjdk-cygwin\jdk8u\hotspot\src\share\vm\prims\jni.cpp, line 709]

Events (10 events):
Event: 1.342 loading class com/google/common/base/Functions done
Event: 1.343 loading class com/google/common/base/Functions$ToStringFunction
Event: 1.343 loading class com/google/common/base/Functions$ToStringFunction done
Event: 1.343 loading class com/google/common/collect/Iterators$7
Event: 1.343 loading class com/google/common/collect/Iterators$7 done
Event: 1.343 loading class com/google/common/collect/TransformedIterator
Event: 1.343 loading class com/google/common/collect/TransformedIterator done
Event: 1.344 Thread 0x0000000004cb4000 Uncommon trap: trap_request=0xffffff65 fr.pc=0x0000000004f43038
Event: 1.344 Thread 0x0000000004cb4000 DEOPT PACKING pc=0x0000000004f43038 sp=0x0000000004bcf530
Event: 1.344 Thread 0x0000000004cb4000 DEOPT UNPACKING pc=0x0000000004df556a sp=0x0000000004bcf4a8 mode 2


Dynamic libraries:
0x00007ff79c410000 - 0x00007ff79c441000 	F:\Android Studio\jre\bin\java.exe
0x00007ffd16ab0000 - 0x00007ffd16c90000 	C:\WINDOWS\SYSTEM32\ntdll.dll
0x00007ffd146c0000 - 0x00007ffd1476e000 	C:\WINDOWS\System32\KERNEL32.DLL
0x00007ffd131e0000 - 0x00007ffd13446000 	C:\WINDOWS\System32\KERNELBASE.dll
0x00007ffd15bb0000 - 0x00007ffd15c51000 	C:\WINDOWS\System32\ADVAPI32.dll
0x00007ffd16840000 - 0x00007ffd168dd000 	C:\WINDOWS\System32\msvcrt.dll
0x00007ffd15ea0000 - 0x00007ffd15efb000 	C:\WINDOWS\System32\sechost.dll
0x00007ffd16720000 - 0x00007ffd1683f000 	C:\WINDOWS\System32\RPCRT4.dll
0x00007ffd15d10000 - 0x00007ffd15e9f000 	C:\WINDOWS\System32\USER32.dll
0x00007ffd13dc0000 - 0x00007ffd13de0000 	C:\WINDOWS\System32\win32u.dll
0x00007ffd14320000 - 0x00007ffd14348000 	C:\WINDOWS\System32\GDI32.dll
0x00007ffd13de0000 - 0x00007ffd13f73000 	C:\WINDOWS\System32\gdi32full.dll
0x00007ffd13c20000 - 0x00007ffd13cbb000 	C:\WINDOWS\System32\msvcp_win.dll
0x00007ffd12eb0000 - 0x00007ffd12fa6000 	C:\WINDOWS\System32\ucrtbase.dll
0x00007ffd09c00000 - 0x00007ffd09e69000 	C:\WINDOWS\WinSxS\amd64_microsoft.windows.common-controls_6595b64144ccf1df_6.0.16299.371_none_15c7d1789365a290\COMCTL32.dll
0x00007ffd14350000 - 0x00007ffd14658000 	C:\WINDOWS\System32\combase.dll
0x00007ffd13ba0000 - 0x00007ffd13c12000 	C:\WINDOWS\System32\bcryptPrimitives.dll
0x00007ffd168e0000 - 0x00007ffd1690d000 	C:\WINDOWS\System32\IMM32.DLL
0x00000000534c0000 - 0x0000000053592000 	F:\Android Studio\jre\jre\bin\msvcr100.dll
0x00000000526b0000 - 0x0000000052eee000 	F:\Android Studio\jre\jre\bin\server\jvm.dll
0x00007ffd16710000 - 0x00007ffd16718000 	C:\WINDOWS\System32\PSAPI.DLL
0x00007ffd0f620000 - 0x00007ffd0f643000 	C:\WINDOWS\SYSTEM32\WINMM.dll
0x00007ffcfdfa0000 - 0x00007ffcfdfa9000 	C:\WINDOWS\SYSTEM32\WSOCK32.dll
0x00007ffd13fe0000 - 0x00007ffd1404c000 	C:\WINDOWS\System32\WS2_32.dll
0x00007ffd0f5c0000 - 0x00007ffd0f5ea000 	C:\WINDOWS\SYSTEM32\WINMMBASE.dll
0x00007ffd13d70000 - 0x00007ffd13dba000 	C:\WINDOWS\System32\cfgmgr32.dll
0x00007ffd0d9a0000 - 0x00007ffd0d9aa000 	C:\WINDOWS\SYSTEM32\VERSION.dll
0x00007ffd0f420000 - 0x00007ffd0f42f000 	F:\Android Studio\jre\jre\bin\verify.dll
0x00007ffd00960000 - 0x00007ffd00989000 	F:\Android Studio\jre\jre\bin\java.dll
0x00007ffd009b0000 - 0x00007ffd009c6000 	F:\Android Studio\jre\jre\bin\zip.dll
0x00007ffd14770000 - 0x00007ffd15ba6000 	C:\WINDOWS\System32\SHELL32.dll
0x00007ffd15c60000 - 0x00007ffd15d06000 	C:\WINDOWS\System32\shcore.dll
0x00007ffd13450000 - 0x00007ffd13b97000 	C:\WINDOWS\System32\windows.storage.dll
0x00007ffd13f80000 - 0x00007ffd13fd1000 	C:\WINDOWS\System32\shlwapi.dll
0x00007ffd12e70000 - 0x00007ffd12e81000 	C:\WINDOWS\System32\kernel.appcore.dll
0x00007ffd12e20000 - 0x00007ffd12e6c000 	C:\WINDOWS\System32\powrprof.dll
0x00007ffd12e90000 - 0x00007ffd12eab000 	C:\WINDOWS\System32\profapi.dll
0x00007ffd12860000 - 0x00007ffd12877000 	C:\WINDOWS\SYSTEM32\CRYPTSP.dll
0x00007ffd12290000 - 0x00007ffd122c3000 	C:\WINDOWS\system32\rsaenh.dll
0x00007ffd12960000 - 0x00007ffd12985000 	C:\WINDOWS\SYSTEM32\bcrypt.dll
0x00007ffd12d30000 - 0x00007ffd12d59000 	C:\WINDOWS\SYSTEM32\USERENV.dll
0x00007ffd12850000 - 0x00007ffd1285b000 	C:\WINDOWS\SYSTEM32\CRYPTBASE.dll
0x00007ffd00590000 - 0x00007ffd005aa000 	F:\Android Studio\jre\jre\bin\net.dll
0x00007ffd12690000 - 0x00007ffd126f6000 	C:\WINDOWS\system32\mswsock.dll
0x00007ffd12420000 - 0x00007ffd12459000 	C:\WINDOWS\SYSTEM32\IPHLPAPI.DLL
0x00007ffd14140000 - 0x00007ffd14148000 	C:\WINDOWS\System32\NSI.dll
0x00007ffd0e750000 - 0x00007ffd0e766000 	C:\WINDOWS\SYSTEM32\dhcpcsvc6.DLL
0x00007ffd0e730000 - 0x00007ffd0e74a000 	C:\WINDOWS\SYSTEM32\dhcpcsvc.DLL
0x00007ffd00540000 - 0x00007ffd00551000 	F:\Android Studio\jre\jre\bin\nio.dll

VM Arguments:
jvm_args: -Djava.awt.headless=true -Xmx64M -Dfile.encoding=windows-1251 -Duser.country=RU -Duser.language=ru -Duser.variant 
java_command: com.google.devtools.build.android.desugar.Desugar --input D:\MyDocuments\garbage\AndroidStuff\Shpock\app\build\intermediates\transforms\stackFramesFixer\debug\22.jar --output D:\MyDocuments\garbage\AndroidStuff\Shpock\app\build\intermediates\transforms\desugar\debug\23.jar --input D:\MyDocuments\garbage\AndroidStuff\Shpock\app\build\intermediates\transforms\stackFramesFixer\debug\23.jar --output D:\MyDocuments\garbage\AndroidStuff\Shpock\app\build\intermediates\transforms\desugar\debug\24.jar --input D:\MyDocuments\garbage\AndroidStuff\Shpock\app\build\intermediates\transforms\stackFramesFixer\debug\5.jar --output D:\MyDocuments\garbage\AndroidStuff\Shpock\app\build\intermediates\transforms\desugar\debug\6.jar --input D:\MyDocuments\garbage\AndroidStuff\Shpock\app\build\intermediates\transforms\stackFramesFixer\debug\1.jar --output D:\MyDocuments\garbage\AndroidStuff\Shpock\app\build\intermediates\transforms\desugar\debug\2.jar --classpath_entry D:\MyDocuments\garbage\AndroidStuff\Shpock\app\build\intermediates\classes\debug --classpath_entry D:\MyDocuments\garbage\AndroidStuff\Shpock\app\build\intermediates\transforms\stackFramesFixer\debug\0.jar --classpath_entry D:\MyDocuments\garbage\AndroidStuff\Shpock\app\build\intermediates\transforms\stackFramesFixer\debug\1.jar --classpath_entry D:\MyDocuments\garbage\AndroidStuff\Shpock\app\build\intermediates\transforms\stackFramesFixer\debug\2.jar --classpath_entry D:\MyDocuments\garbage\AndroidStuff\Shpock\app\build\intermediates\transforms\stackFramesFixer\debug\3.jar --classpath_entry D:\MyDocuments\garbage\AndroidStuff\Shpock\app\build\intermediates\transforms\stackFramesFixer\debug\4.jar --classpath_entry D:\MyDocuments\garbage\AndroidStuff\Shpock\app\build\intermediates\transforms\stackFramesFixer\debug\5.jar --classpath_entry D:\MyDocuments\garbage\AndroidStuff\Shpock\app\build\intermediates\transforms\stackFramesFixer\debug\6.jar --classpath_entry D:\MyDocuments\garbage\AndroidStuff\Shpock\app\bui
java_class_path (initial): C:\Users\S\AppData\Local\Temp\desugar_deploy.jar2279304126739096507
Launcher Type: SUN_STANDARD

Environment Variables:
JAVA_HOME=c:\Java\jdk1.8.0_102\
PATH=C:\nodejs\;C:\Program Files (x86)\PC Connectivity Solution\;C:\ProgramData\Oracle\Java\javapath;C:\Program Files (x86)\Intel\iCLS Client\;C:\Program Files\Intel\iCLS Client\;C:\Windows\system32;C:\Windows;C:\Windows\System32\Wbem;C:\Windows\System32\WindowsPowerShell\v1.0\;C:\Program Files (x86)\Windows Live\Shared;C:\Program Files\Intel\Intel(R) Management Engine Components\DAL;C:\Program Files\Intel\Intel(R) Management Engine Components\IPT;C:\Program Files (x86)\Intel\Intel(R) Management Engine Components\DAL;C:\Program Files (x86)\Intel\Intel(R) Management Engine Components\IPT;C:\Program Files (x86)\QuickTime\QTSystem\;C:\Program Files\OpenVPN\bin;d:\MyDocuments\garbage\asdk\ndk\;d:\MyDocuments\garbage\asdk\tools\;d:\MyDocuments\garbage\asdk\apache-ant-1.9.6\bin\;C:\WINDOWS\system32;C:\WINDOWS;C:\WINDOWS\System32\Wbem;C:\WINDOWS\System32\WindowsPowerShell\v1.0\;C:\Users\S\Deployd\bin;C:\Program Files (x86)\Windows Kits\8.1\Windows Performance Toolkit\;c:\openssl-0.9.8k_X64\bin\;C:\Program Files (x86)\Skype\Phone\;C:\Program Files (x86)\NVIDIA Corporation\PhysX\Common;%SystemRoot%\system32;%SystemRoot%;%SystemRoot%\System32\Wbem;%SYSTEMROOT%\System32\WindowsPowerShell\v1.0\;C:\nodejs\;C:\Users\S\AppData\Local\Microsoft\WindowsApps;C:\Users\S\AppData\Roaming\npm;C:\Program Files (x86)\Microsoft VS Code\bin;
USERNAME=S
OS=Windows_NT
PROCESSOR_IDENTIFIER=Intel64 Family 6 Model 60 Stepping 3, GenuineIntel



---------------  S Y S T E M  ---------------

OS: Windows 10.0 , 64 bit Build 16299 (10.0.16299.15)

CPU:total 8 (initial active 8) (4 cores per cpu, 2 threads per core) family 6 model 60 stepping 3, cmov, cx8, fxsr, mmx, sse, sse2, sse3, ssse3, sse4.1, sse4.2, popcnt, avx, avx2, aes, clmul, erms, lzcnt, ht, tsc, tscinvbit, bmi1, bmi2

Memory: 4k page, physical 8305848k(543408k free), swap 16694456k(268k free)

vm_info: OpenJDK 64-Bit Server VM (25.152-b01) for windows-amd64 JRE (1.8.0_152-release-915-b01), built by "builder" with MS VC++ 10.0 (VS2010)

time: Thu Apr 19 19:51:50 2018
elapsed time: 1 seconds (0d 0h 0m 1s)

